% mean class accuracy (train set)	
 7.5014e+01	
 8.2925e+01	
 8.3734e+01	
 8.7255e+01	
 8.8866e+01	
 8.8307e+01	
 8.9110e+01	
 9.0039e+01	
 9.1001e+01	
 9.0539e+01	
 9.1586e+01	
 9.1326e+01	
 9.1811e+01	
 9.2189e+01	
 9.1952e+01	
 9.1743e+01	
 9.2613e+01	
 9.2516e+01	
 9.2774e+01	
 9.3363e+01	
 9.3561e+01	
 9.3232e+01	
 9.3663e+01	
 9.3684e+01	
 9.3689e+01	
 9.3954e+01	
 9.3925e+01	
 9.3937e+01	
 9.4107e+01	
 9.4523e+01	
 9.4389e+01	
 9.4491e+01	
 9.4796e+01	
 9.4628e+01	
 9.4976e+01	
 9.4906e+01	
 9.4775e+01	
 9.5140e+01	
 9.5246e+01	
 9.5331e+01	
 9.5149e+01	
 9.5357e+01	
 9.5571e+01	
 9.5667e+01	
 9.5582e+01	
 9.5693e+01	
 9.5798e+01	
 9.5839e+01	
 9.5805e+01	
 9.5788e+01	
 9.5899e+01	
 9.5926e+01	
 9.5976e+01	
 9.6008e+01	
 9.5857e+01	
 9.5947e+01	
 9.6210e+01	
 9.6099e+01	
 9.6384e+01	
 9.6323e+01	
 9.6372e+01	
 9.6430e+01	
 9.6432e+01	
 9.6584e+01	
 9.6475e+01	
 9.6502e+01	
 9.6670e+01	
 9.6738e+01	
 9.6812e+01	
 9.6750e+01	
 9.6777e+01	
 9.6911e+01	
 9.6817e+01	
 9.6915e+01	
 9.6922e+01	
 9.6894e+01	
 9.6943e+01	
 9.7016e+01	
 9.7088e+01	
 9.7067e+01	
 9.7120e+01	
 9.7155e+01	
 9.7186e+01	
 9.7124e+01	
 9.7236e+01	
 9.7236e+01	
 9.7300e+01	
 9.7279e+01	
 9.7277e+01	
 9.7362e+01	
 9.7387e+01	
 9.7395e+01	
 9.7395e+01	
 9.7413e+01	
 9.7493e+01	
 9.7534e+01	
 9.7514e+01	
 9.7489e+01	
 9.7459e+01	
 9.7518e+01	
