% mean class accuracy (train set)	
 5.0565e+01	
 4.6397e+01	
 5.6594e+01	
 6.0350e+01	
 6.1462e+01	
 6.0522e+01	
 6.3853e+01	
 6.6194e+01	
 6.7205e+01	
 6.7905e+01	
 6.8277e+01	
 7.0140e+01	
 7.4718e+01	
 7.6704e+01	
 7.9671e+01	
 7.6692e+01	
 7.7293e+01	
 8.2419e+01	
 8.1938e+01	
 7.9884e+01	
 8.3774e+01	
 8.2024e+01	
 8.0694e+01	
 8.4959e+01	
 8.3260e+01	
 8.3539e+01	
 8.1858e+01	
 8.1568e+01	
 8.3686e+01	
 8.4421e+01	
 8.3619e+01	
 8.4491e+01	
 8.4425e+01	
 8.4053e+01	
 8.5528e+01	
 8.4607e+01	
 8.3970e+01	
 8.4999e+01	
 8.5860e+01	
 8.5196e+01	
 8.4373e+01	
 8.5492e+01	
 8.4700e+01	
 8.5085e+01	
 8.5184e+01	
 8.4639e+01	
 8.6545e+01	
 8.6527e+01	
 8.6160e+01	
 8.6828e+01	
 8.7091e+01	
 8.6446e+01	
 8.7085e+01	
 8.6231e+01	
 8.5910e+01	
 8.4668e+01	
 8.7513e+01	
 8.6627e+01	
 8.6936e+01	
 8.7371e+01	
 8.7420e+01	
 8.6705e+01	
 8.7784e+01	
 8.8036e+01	
 8.7092e+01	
 8.7453e+01	
 8.7639e+01	
 8.7852e+01	
 8.8154e+01	
 8.8390e+01	
 8.8397e+01	
 8.7356e+01	
 8.8377e+01	
 8.7319e+01	
 8.8513e+01	
 8.8795e+01	
 8.8521e+01	
 8.8536e+01	
 8.9485e+01	
 8.7734e+01	
 8.8820e+01	
 8.8672e+01	
 8.9438e+01	
 8.8452e+01	
 8.9700e+01	
 8.8983e+01	
 8.9506e+01	
 8.8582e+01	
 8.9385e+01	
 8.9652e+01	
 8.8925e+01	
 8.9336e+01	
 8.8662e+01	
 8.9052e+01	
 9.0115e+01	
 9.0210e+01	
 9.0162e+01	
 8.9337e+01	
 8.9989e+01	
 8.9509e+01	
