% mean class accuracy (train set)	
 7.4783e+01	
 8.3085e+01	
 8.5313e+01	
 8.7722e+01	
 8.7801e+01	
 8.9396e+01	
 8.8885e+01	
 9.0750e+01	
 9.0132e+01	
 9.0507e+01	
 9.1547e+01	
 9.1565e+01	
 9.2139e+01	
 9.2347e+01	
 9.2119e+01	
 9.2567e+01	
 9.2767e+01	
 9.2848e+01	
 9.3004e+01	
 9.3078e+01	
 9.3526e+01	
 9.3540e+01	
 9.3708e+01	
 9.3853e+01	
 9.3598e+01	
 9.3717e+01	
 9.4133e+01	
 9.4196e+01	
 9.4156e+01	
 9.4470e+01	
 9.4148e+01	
 9.4537e+01	
 9.4767e+01	
 9.4803e+01	
 9.4899e+01	
 9.5049e+01	
 9.4949e+01	
 9.5272e+01	
 9.5053e+01	
 9.5385e+01	
 9.5414e+01	
 9.5378e+01	
 9.5476e+01	
 9.5557e+01	
 9.5601e+01	
 9.5515e+01	
 9.5629e+01	
 9.5766e+01	
 9.5857e+01	
 9.6065e+01	
 9.5727e+01	
 9.6110e+01	
 9.6090e+01	
 9.6042e+01	
 9.6079e+01	
 9.6262e+01	
 9.6341e+01	
 9.6260e+01	
 9.6297e+01	
 9.6323e+01	
 9.6468e+01	
 9.6553e+01	
 9.6474e+01	
 9.6558e+01	
 9.6601e+01	
 9.6612e+01	
 9.6664e+01	
 9.6700e+01	
 9.6746e+01	
 9.6728e+01	
 9.6877e+01	
 9.6889e+01	
 9.6916e+01	
 9.6977e+01	
 9.6971e+01	
 9.6897e+01	
 9.7040e+01	
 9.7103e+01	
 9.7070e+01	
 9.7207e+01	
 9.7147e+01	
 9.7135e+01	
 9.7165e+01	
 9.7247e+01	
 9.7285e+01	
 9.7263e+01	
 9.7303e+01	
 9.7298e+01	
 9.7344e+01	
 9.7408e+01	
 9.7440e+01	
 9.7441e+01	
 9.7474e+01	
 9.7433e+01	
 9.7475e+01	
 9.7554e+01	
 9.7588e+01	
 9.7500e+01	
 9.7576e+01	
 9.7601e+01	
