% mean class accuracy (train set)	
 7.4379e+01	
 8.3800e+01	
 8.4805e+01	
 8.4581e+01	
 8.7540e+01	
 8.8006e+01	
 8.8498e+01	
 8.8774e+01	
 8.9743e+01	
 9.0319e+01	
 9.0409e+01	
 9.0244e+01	
 9.1187e+01	
 9.0996e+01	
 9.1348e+01	
 9.1534e+01	
 9.1839e+01	
 9.2084e+01	
 9.2312e+01	
 9.2296e+01	
 9.2427e+01	
 9.2389e+01	
 9.2613e+01	
 9.2624e+01	
 9.3013e+01	
 9.3112e+01	
 9.3158e+01	
 9.3276e+01	
 9.3302e+01	
 9.3537e+01	
 9.3357e+01	
 9.3682e+01	
 9.3696e+01	
 9.3816e+01	
 9.3990e+01	
 9.4044e+01	
 9.4010e+01	
 9.3899e+01	
 9.4312e+01	
 9.4357e+01	
 9.4245e+01	
 9.4446e+01	
 9.4602e+01	
 9.4668e+01	
 9.4729e+01	
 9.4707e+01	
 9.4833e+01	
 9.4809e+01	
 9.4843e+01	
 9.4924e+01	
 9.4980e+01	
 9.5031e+01	
 9.5104e+01	
 9.5161e+01	
 9.5182e+01	
 9.5251e+01	
 9.5344e+01	
 9.5349e+01	
 9.5403e+01	
 9.5363e+01	
 9.5454e+01	
 9.5443e+01	
 9.5468e+01	
 9.5516e+01	
 9.5625e+01	
 9.5795e+01	
 9.5646e+01	
 9.5757e+01	
 9.5862e+01	
 9.5856e+01	
 9.5897e+01	
 9.5905e+01	
 9.5917e+01	
 9.5904e+01	
 9.6058e+01	
 9.5957e+01	
 9.6078e+01	
 9.6092e+01	
 9.6107e+01	
 9.6130e+01	
 9.6147e+01	
 9.6161e+01	
 9.6305e+01	
 9.6354e+01	
 9.6292e+01	
 9.6303e+01	
 9.6384e+01	
 9.6385e+01	
 9.6364e+01	
 9.6400e+01	
 9.6487e+01	
 9.6523e+01	
 9.6631e+01	
 9.6524e+01	
 9.6601e+01	
 9.6632e+01	
 9.6588e+01	
 9.6672e+01	
 9.6658e+01	
 9.6688e+01	
