% mean class accuracy (train set)	
 8.3687e+01	
 8.9343e+01	
 9.1156e+01	
 9.2140e+01	
 9.2922e+01	
 9.3528e+01	
 9.4020e+01	
 9.4371e+01	
 9.4761e+01	
 9.5030e+01	
 9.5276e+01	
 9.5483e+01	
 9.5688e+01	
 9.5839e+01	
 9.5978e+01	
 9.6107e+01	
 9.6227e+01	
 9.6330e+01	
 9.6420e+01	
 9.6519e+01	
 9.6611e+01	
 9.6687e+01	
 9.6747e+01	
 9.6811e+01	
 9.6862e+01	
 9.6945e+01	
 9.6976e+01	
 9.7029e+01	
 9.7071e+01	
 9.7116e+01	
 9.7155e+01	
 9.7200e+01	
 9.7232e+01	
 9.7259e+01	
 9.7294e+01	
 9.7315e+01	
 9.7364e+01	
 9.7383e+01	
 9.7409e+01	
 9.7436e+01	
 9.7474e+01	
 9.7483e+01	
 9.7515e+01	
 9.7529e+01	
 9.7548e+01	
 9.7562e+01	
 9.7590e+01	
 9.7598e+01	
 9.7621e+01	
 9.7643e+01	
 9.7656e+01	
 9.7676e+01	
 9.7690e+01	
 9.7713e+01	
 9.7712e+01	
 9.7746e+01	
 9.7761e+01	
 9.7761e+01	
 9.7783e+01	
 9.7784e+01	
 9.7812e+01	
 9.7813e+01	
 9.7821e+01	
 9.7852e+01	
 9.7846e+01	
 9.7856e+01	
 9.7864e+01	
 9.7888e+01	
 9.7895e+01	
 9.7894e+01	
 9.7916e+01	
 9.7920e+01	
 9.7929e+01	
 9.7948e+01	
 9.7950e+01	
 9.7959e+01	
 9.7957e+01	
 9.7973e+01	
 9.7977e+01	
 9.8001e+01	
 9.7991e+01	
 9.7989e+01	
 9.8016e+01	
 9.8020e+01	
 9.8034e+01	
 9.8030e+01	
 9.8028e+01	
 9.8041e+01	
 9.8054e+01	
 9.8056e+01	
 9.8055e+01	
 9.8076e+01	
 9.8068e+01	
 9.8061e+01	
 9.8090e+01	
 9.8075e+01	
 9.8100e+01	
 9.8108e+01	
 9.8113e+01	
 9.8132e+01	
