% mean class accuracy (train set)	
 5.4439e+01	
 4.3582e+01	
 7.2828e+01	
 8.6665e+01	
 8.9696e+01	
 9.0811e+01	
 9.1386e+01	
 9.1766e+01	
 9.2000e+01	
 9.2228e+01	
 9.2419e+01	
 9.2537e+01	
 9.2695e+01	
 9.2771e+01	
 9.2827e+01	
 9.2965e+01	
 9.3083e+01	
 9.3121e+01	
 9.3246e+01	
 9.3272e+01	
 9.3414e+01	
 9.3365e+01	
 9.3510e+01	
 9.3579e+01	
 9.3687e+01	
 9.3724e+01	
 9.3806e+01	
 9.3895e+01	
 9.3956e+01	
 9.4096e+01	
 9.4074e+01	
 9.4207e+01	
 9.4264e+01	
 9.4330e+01	
 9.4401e+01	
 9.4477e+01	
 9.4551e+01	
 9.4532e+01	
 9.4556e+01	
 9.4690e+01	
 9.4791e+01	
 9.4744e+01	
 9.4728e+01	
 9.4838e+01	
 9.4893e+01	
 9.4883e+01	
 9.4943e+01	
 9.5011e+01	
 9.4982e+01	
 9.5021e+01	
 9.5083e+01	
 9.5125e+01	
 9.5150e+01	
 9.5134e+01	
 9.5214e+01	
 9.5221e+01	
 9.5231e+01	
 9.5206e+01	
 9.5285e+01	
 9.5242e+01	
 9.5354e+01	
 9.5306e+01	
 9.5329e+01	
 9.5463e+01	
 9.5263e+01	
 9.5347e+01	
 9.5411e+01	
 9.5440e+01	
 9.5472e+01	
 9.5494e+01	
 9.5455e+01	
 9.5534e+01	
 9.5470e+01	
 9.5517e+01	
 9.5537e+01	
 9.5614e+01	
 9.5718e+01	
 9.5633e+01	
 9.5595e+01	
 9.5652e+01	
 9.5602e+01	
 9.5620e+01	
 9.5592e+01	
 9.5649e+01	
 9.5582e+01	
 9.5637e+01	
 9.5671e+01	
 9.5647e+01	
 9.5703e+01	
 9.5566e+01	
 9.5650e+01	
 9.5638e+01	
 9.5604e+01	
 9.5807e+01	
 9.5831e+01	
 9.5586e+01	
 9.5769e+01	
 9.5656e+01	
 9.5723e+01	
 9.5702e+01	
