% mean class accuracy (train set)	
 7.6024e+01	
 8.2682e+01	
 8.3515e+01	
 8.7302e+01	
 8.8649e+01	
 8.8000e+01	
 8.9902e+01	
 9.0484e+01	
 9.0899e+01	
 9.1161e+01	
 9.1079e+01	
 9.1787e+01	
 9.1277e+01	
 9.1623e+01	
 9.2300e+01	
 9.2465e+01	
 9.2429e+01	
 9.2835e+01	
 9.2926e+01	
 9.2816e+01	
 9.3264e+01	
 9.3002e+01	
 9.3444e+01	
 9.3503e+01	
 9.3668e+01	
 9.3551e+01	
 9.3932e+01	
 9.3649e+01	
 9.3758e+01	
 9.4133e+01	
 9.4067e+01	
 9.4140e+01	
 9.4417e+01	
 9.4490e+01	
 9.4530e+01	
 9.4572e+01	
 9.4561e+01	
 9.4622e+01	
 9.4865e+01	
 9.4881e+01	
 9.4859e+01	
 9.5020e+01	
 9.4998e+01	
 9.5164e+01	
 9.5110e+01	
 9.5268e+01	
 9.5264e+01	
 9.5290e+01	
 9.5314e+01	
 9.5457e+01	
 9.5586e+01	
 9.5518e+01	
 9.5528e+01	
 9.5720e+01	
 9.5732e+01	
 9.5800e+01	
 9.5739e+01	
 9.5822e+01	
 9.5783e+01	
 9.5888e+01	
 9.5919e+01	
 9.5909e+01	
 9.5960e+01	
 9.6037e+01	
 9.6075e+01	
 9.6093e+01	
 9.6193e+01	
 9.6191e+01	
 9.6126e+01	
 9.6252e+01	
 9.6320e+01	
 9.6246e+01	
 9.6291e+01	
 9.6242e+01	
 9.6331e+01	
 9.6421e+01	
 9.6432e+01	
 9.6466e+01	
 9.6414e+01	
 9.6518e+01	
 9.6563e+01	
 9.6559e+01	
 9.6559e+01	
 9.6594e+01	
 9.6617e+01	
 9.6706e+01	
 9.6729e+01	
 9.6670e+01	
 9.6740e+01	
 9.6730e+01	
 9.6787e+01	
 9.6751e+01	
 9.6843e+01	
 9.6821e+01	
 9.6842e+01	
 9.6925e+01	
 9.6882e+01	
 9.6887e+01	
 9.6903e+01	
 9.6955e+01	
