% mean class accuracy (train set)	
 7.3700e+01	
 8.1040e+01	
 8.2041e+01	
 8.5316e+01	
 8.7292e+01	
 8.7001e+01	
 8.8463e+01	
 8.8901e+01	
 8.8948e+01	
 8.9127e+01	
 8.9701e+01	
 8.9981e+01	
 9.0064e+01	
 9.0571e+01	
 9.0970e+01	
 9.1092e+01	
 9.1618e+01	
 9.1708e+01	
 9.1959e+01	
 9.1958e+01	
 9.2299e+01	
 9.2119e+01	
 9.2598e+01	
 9.2430e+01	
 9.2748e+01	
 9.2885e+01	
 9.2803e+01	
 9.2849e+01	
 9.3026e+01	
 9.3518e+01	
 9.3302e+01	
 9.3633e+01	
 9.3736e+01	
 9.3650e+01	
 9.3885e+01	
 9.4021e+01	
 9.3899e+01	
 9.4168e+01	
 9.4162e+01	
 9.4407e+01	
 9.4301e+01	
 9.4295e+01	
 9.4660e+01	
 9.4729e+01	
 9.4583e+01	
 9.4744e+01	
 9.4976e+01	
 9.4995e+01	
 9.5138e+01	
 9.4882e+01	
