% mean class accuracy (train set)	
 7.5554e+01	
 8.3277e+01	
 8.3236e+01	
 8.6863e+01	
 8.8314e+01	
 8.7714e+01	
 8.9722e+01	
 8.9817e+01	
 9.0707e+01	
 9.0451e+01	
 9.0448e+01	
 9.1648e+01	
 9.1678e+01	
 9.1473e+01	
 9.2150e+01	
 9.2346e+01	
 9.2247e+01	
 9.2766e+01	
 9.2852e+01	
 9.2716e+01	
 9.2979e+01	
 9.3069e+01	
 9.3461e+01	
 9.3207e+01	
 9.3509e+01	
 9.3480e+01	
 9.3832e+01	
 9.3463e+01	
 9.3741e+01	
 9.4043e+01	
 9.3996e+01	
 9.4133e+01	
 9.4275e+01	
 9.4346e+01	
 9.4385e+01	
 9.4462e+01	
 9.4564e+01	
 9.4556e+01	
 9.4788e+01	
 9.4759e+01	
 9.4744e+01	
 9.4971e+01	
 9.5036e+01	
 9.5158e+01	
 9.5121e+01	
 9.5200e+01	
 9.5227e+01	
 9.5232e+01	
 9.5269e+01	
 9.5353e+01	
 9.5517e+01	
 9.5491e+01	
 9.5428e+01	
 9.5572e+01	
 9.5647e+01	
 9.5727e+01	
 9.5741e+01	
 9.5697e+01	
 9.5727e+01	
 9.5755e+01	
 9.5744e+01	
 9.5888e+01	
 9.5921e+01	
 9.5957e+01	
 9.6019e+01	
 9.6052e+01	
 9.6096e+01	
 9.6140e+01	
 9.6041e+01	
 9.6195e+01	
 9.6243e+01	
 9.6243e+01	
 9.6226e+01	
 9.6175e+01	
 9.6309e+01	
 9.6354e+01	
 9.6306e+01	
 9.6395e+01	
 9.6370e+01	
 9.6508e+01	
 9.6512e+01	
 9.6433e+01	
 9.6509e+01	
 9.6503e+01	
 9.6540e+01	
 9.6583e+01	
 9.6686e+01	
 9.6644e+01	
 9.6725e+01	
 9.6695e+01	
 9.6744e+01	
 9.6726e+01	
 9.6774e+01	
 9.6774e+01	
 9.6850e+01	
 9.6853e+01	
 9.6821e+01	
 9.6891e+01	
 9.6825e+01	
 9.6873e+01	
