% mean class accuracy (train set)	
 8.8643e+01	
 9.4151e+01	
 9.4999e+01	
 9.5140e+01	
 9.5733e+01	
 9.5778e+01	
 9.6276e+01	
 9.6527e+01	
 9.6115e+01	
 9.5696e+01	
 9.6265e+01	
 9.6833e+01	
 9.6483e+01	
 9.6804e+01	
 9.7005e+01	
 9.7212e+01	
 9.7071e+01	
 9.7155e+01	
 9.7285e+01	
 9.6903e+01	
 9.7443e+01	
 9.7337e+01	
 9.7254e+01	
 9.7376e+01	
 9.7310e+01	
 9.7532e+01	
 9.7392e+01	
 9.7616e+01	
 9.7623e+01	
 9.7598e+01	
 9.7625e+01	
 9.7669e+01	
 9.7703e+01	
 9.7700e+01	
 9.7732e+01	
 9.7646e+01	
 9.7548e+01	
 9.7699e+01	
 9.7782e+01	
 9.7678e+01	
 9.7884e+01	
 9.7827e+01	
 9.7747e+01	
 9.7890e+01	
 9.7917e+01	
 9.7843e+01	
 9.7897e+01	
 9.7939e+01	
 9.8031e+01	
 9.7998e+01	
 9.7664e+01	
 9.7963e+01	
 9.7914e+01	
 9.8039e+01	
 9.8011e+01	
 9.7843e+01	
 9.8060e+01	
 9.8075e+01	
 9.8041e+01	
 9.8057e+01	
 9.8039e+01	
 9.8006e+01	
 9.8007e+01	
 9.8030e+01	
 9.8015e+01	
 9.8030e+01	
 9.8170e+01	
 9.8099e+01	
 9.8130e+01	
 9.8117e+01	
 9.8155e+01	
 9.8183e+01	
 9.8270e+01	
 9.8237e+01	
 9.8074e+01	
 9.8201e+01	
 9.8089e+01	
 9.8219e+01	
 9.8252e+01	
 9.8222e+01	
 9.8218e+01	
 9.8217e+01	
 9.8257e+01	
 9.8197e+01	
 9.8314e+01	
 9.8216e+01	
 9.8213e+01	
 9.8302e+01	
 9.8361e+01	
 9.8298e+01	
 9.8263e+01	
 9.8379e+01	
 9.8228e+01	
 9.8284e+01	
 9.8353e+01	
 9.8259e+01	
 9.8378e+01	
 9.8348e+01	
 9.8432e+01	
 9.8194e+01	
