% mean class accuracy (train set)	
 6.9456e+01	
 8.0491e+01	
 8.3268e+01	
 8.4796e+01	
 8.6077e+01	
 8.6998e+01	
 8.7639e+01	
 8.8164e+01	
 8.8607e+01	
 8.8960e+01	
 8.9309e+01	
 8.9638e+01	
 8.9911e+01	
 9.0189e+01	
 9.0425e+01	
 9.0683e+01	
 9.0891e+01	
 9.1088e+01	
 9.1313e+01	
 9.1487e+01	
 9.1663e+01	
 9.1849e+01	
 9.2020e+01	
 9.2175e+01	
 9.2343e+01	
 9.2465e+01	
 9.2618e+01	
 9.2761e+01	
 9.2866e+01	
 9.3001e+01	
 9.3128e+01	
 9.3250e+01	
 9.3353e+01	
 9.3461e+01	
 9.3547e+01	
 9.3656e+01	
 9.3736e+01	
 9.3839e+01	
 9.3922e+01	
 9.4022e+01	
 9.4103e+01	
 9.4191e+01	
 9.4245e+01	
 9.4340e+01	
 9.4411e+01	
 9.4484e+01	
 9.4538e+01	
 9.4634e+01	
 9.4685e+01	
 9.4738e+01	
 9.4817e+01	
 9.4860e+01	
 9.4937e+01	
 9.4982e+01	
 9.5016e+01	
 9.5087e+01	
 9.5144e+01	
 9.5195e+01	
 9.5260e+01	
 9.5298e+01	
 9.5331e+01	
 9.5390e+01	
 9.5435e+01	
 9.5472e+01	
 9.5508e+01	
 9.5548e+01	
 9.5609e+01	
 9.5627e+01	
 9.5665e+01	
 9.5715e+01	
 9.5740e+01	
 9.5791e+01	
 9.5815e+01	
 9.5854e+01	
 9.5896e+01	
 9.5926e+01	
 9.5954e+01	
 9.5992e+01	
 9.6018e+01	
 9.6043e+01	
 9.6073e+01	
 9.6096e+01	
 9.6139e+01	
 9.6163e+01	
 9.6177e+01	
 9.6228e+01	
 9.6240e+01	
 9.6259e+01	
 9.6281e+01	
 9.6301e+01	
 9.6343e+01	
 9.6362e+01	
 9.6388e+01	
 9.6398e+01	
 9.6420e+01	
 9.6433e+01	
 9.6473e+01	
 9.6481e+01	
 9.6506e+01	
 9.6527e+01	
