% mean class accuracy (train set)	
 7.5731e+01	
 8.8530e+01	
 9.0390e+01	
 9.1663e+01	
 9.2357e+01	
 9.2529e+01	
 9.3120e+01	
 9.3436e+01	
 9.3459e+01	
 9.3878e+01	
 9.3803e+01	
 9.3932e+01	
 9.4240e+01	
 9.4378e+01	
 9.3909e+01	
 9.4535e+01	
 9.4248e+01	
 9.4688e+01	
 9.4758e+01	
 9.4639e+01	
 9.4984e+01	
 9.4795e+01	
 9.5128e+01	
 9.5117e+01	
 9.5116e+01	
 9.4959e+01	
 9.5239e+01	
 9.5349e+01	
 9.5429e+01	
 9.5213e+01	
 9.5562e+01	
 9.5561e+01	
 9.5027e+01	
 9.5543e+01	
 9.5386e+01	
 9.5650e+01	
 9.5439e+01	
 9.5734e+01	
 9.5752e+01	
 9.5831e+01	
 9.5895e+01	
 9.5822e+01	
 9.5924e+01	
 9.6019e+01	
 9.6003e+01	
 9.5939e+01	
 9.6044e+01	
 9.6053e+01	
 9.6095e+01	
 9.6077e+01	
 9.6069e+01	
 9.6161e+01	
 9.6262e+01	
 9.6201e+01	
 9.6258e+01	
 9.6224e+01	
 9.6290e+01	
 9.6297e+01	
 9.6284e+01	
 9.6360e+01	
 9.6335e+01	
 9.6272e+01	
 9.6358e+01	
 9.6471e+01	
 9.6399e+01	
 9.6475e+01	
 9.6487e+01	
 9.6388e+01	
 9.6503e+01	
 9.6517e+01	
 9.6486e+01	
 9.6526e+01	
 9.6512e+01	
 9.6541e+01	
 9.6555e+01	
 9.6616e+01	
 9.6585e+01	
 9.6577e+01	
 9.6585e+01	
 9.6631e+01	
 9.6682e+01	
 9.6679e+01	
 9.6613e+01	
 9.6663e+01	
 9.6741e+01	
 9.6740e+01	
 9.6731e+01	
 9.6819e+01	
 9.6832e+01	
 9.6800e+01	
 9.6810e+01	
 9.6764e+01	
 9.6770e+01	
 9.6824e+01	
 9.6861e+01	
 9.6872e+01	
 9.6886e+01	
 9.6875e+01	
 9.6850e+01	
 9.6876e+01	
