% mean class accuracy (train set)	
 7.4453e+01	
 8.1052e+01	
 8.6147e+01	
 8.4993e+01	
 8.7599e+01	
 8.7912e+01	
 8.8619e+01	
 8.9091e+01	
 9.0128e+01	
 9.0428e+01	
 9.0151e+01	
 9.0270e+01	
 9.1287e+01	
 9.1016e+01	
 9.1361e+01	
 9.1325e+01	
 9.1881e+01	
 9.2206e+01	
 9.2392e+01	
 9.2021e+01	
 9.2328e+01	
 9.2471e+01	
 9.2758e+01	
 9.2397e+01	
 9.3097e+01	
 9.3147e+01	
 9.3310e+01	
 9.3157e+01	
 9.3315e+01	
 9.3500e+01	
 9.3458e+01	
 9.3784e+01	
 9.3713e+01	
 9.3824e+01	
 9.3982e+01	
 9.3939e+01	
 9.4106e+01	
 9.3927e+01	
 9.4316e+01	
 9.4400e+01	
 9.4285e+01	
 9.4422e+01	
 9.4543e+01	
 9.4585e+01	
 9.4670e+01	
 9.4591e+01	
 9.4689e+01	
 9.4847e+01	
 9.4886e+01	
 9.4887e+01	
 9.4933e+01	
 9.4980e+01	
 9.5138e+01	
 9.5118e+01	
 9.5141e+01	
 9.5271e+01	
 9.5334e+01	
 9.5304e+01	
 9.5382e+01	
 9.5313e+01	
 9.5428e+01	
 9.5417e+01	
 9.5470e+01	
 9.5502e+01	
 9.5619e+01	
 9.5746e+01	
 9.5671e+01	
 9.5687e+01	
 9.5806e+01	
 9.5803e+01	
 9.5874e+01	
 9.5909e+01	
 9.5945e+01	
 9.5863e+01	
 9.6046e+01	
 9.5887e+01	
 9.6081e+01	
 9.6050e+01	
 9.6091e+01	
 9.6086e+01	
 9.6154e+01	
 9.6142e+01	
 9.6303e+01	
 9.6343e+01	
 9.6299e+01	
 9.6302e+01	
 9.6377e+01	
 9.6324e+01	
 9.6374e+01	
 9.6359e+01	
 9.6451e+01	
 9.6522e+01	
 9.6530e+01	
 9.6505e+01	
 9.6598e+01	
 9.6590e+01	
 9.6591e+01	
 9.6656e+01	
 9.6616e+01	
 9.6630e+01	
