% mean class accuracy (train set)	
 6.8543e+01	
 7.8720e+01	
 8.1848e+01	
 8.2905e+01	
 8.6090e+01	
 8.5987e+01	
 8.6765e+01	
 8.8310e+01	
 8.8440e+01	
 8.9216e+01	
 8.9604e+01	
 8.9500e+01	
 9.0524e+01	
 8.9849e+01	
 9.0230e+01	
 9.0789e+01	
 9.0893e+01	
 9.1517e+01	
 9.1769e+01	
 9.0967e+01	
 9.2137e+01	
 9.2244e+01	
 9.2138e+01	
 9.2422e+01	
 9.2588e+01	
 9.2944e+01	
 9.2647e+01	
 9.3011e+01	
 9.3105e+01	
 9.3092e+01	
 9.3395e+01	
 9.3635e+01	
 9.3676e+01	
 9.4048e+01	
 9.3970e+01	
 9.4194e+01	
 9.4060e+01	
 9.4287e+01	
 9.4457e+01	
 9.4449e+01	
 9.4446e+01	
 9.4884e+01	
 9.4918e+01	
 9.5007e+01	
 9.5088e+01	
 9.5278e+01	
 9.5036e+01	
 9.5107e+01	
 9.5183e+01	
 9.5423e+01	
 9.5513e+01	
 9.5596e+01	
 9.5634e+01	
 9.5740e+01	
 9.5535e+01	
 9.5738e+01	
 9.5960e+01	
 9.5773e+01	
 9.5989e+01	
 9.6049e+01	
 9.5771e+01	
 9.6119e+01	
 9.6259e+01	
 9.6131e+01	
 9.6295e+01	
 9.6332e+01	
 9.6291e+01	
 9.6336e+01	
 9.6396e+01	
 9.6466e+01	
 9.6493e+01	
 9.6588e+01	
 9.6566e+01	
 9.6576e+01	
 9.6693e+01	
 9.6728e+01	
 9.6786e+01	
 9.6825e+01	
 9.6731e+01	
 9.6755e+01	
 9.6848e+01	
 9.6820e+01	
 9.6910e+01	
 9.6934e+01	
 9.7045e+01	
 9.7028e+01	
 9.6978e+01	
 9.7029e+01	
 9.7142e+01	
 9.7069e+01	
 9.7140e+01	
 9.7116e+01	
 9.7209e+01	
 9.7232e+01	
 9.7274e+01	
 9.7222e+01	
 9.7282e+01	
 9.7317e+01	
 9.7330e+01	
 9.7334e+01	
