% mean class accuracy (train set)	
 8.8684e+01	
 9.3548e+01	
 9.4699e+01	
 9.5177e+01	
 9.5650e+01	
 9.5615e+01	
 9.6145e+01	
 9.5325e+01	
 9.5562e+01	
 9.5815e+01	
 9.6373e+01	
 9.6770e+01	
 9.6270e+01	
 9.6882e+01	
 9.6995e+01	
 9.7215e+01	
 9.6944e+01	
 9.7175e+01	
 9.7244e+01	
 9.7312e+01	
 9.7424e+01	
 9.7414e+01	
 9.7275e+01	
 9.7294e+01	
 9.7311e+01	
 9.7545e+01	
 9.7372e+01	
 9.7518e+01	
 9.7653e+01	
 9.7568e+01	
 9.7639e+01	
 9.7691e+01	
 9.7620e+01	
 9.7679e+01	
 9.7738e+01	
 9.7746e+01	
 9.7652e+01	
 9.7684e+01	
 9.7792e+01	
 9.7622e+01	
 9.7856e+01	
 9.7856e+01	
 9.7749e+01	
 9.7903e+01	
 9.7919e+01	
 9.7771e+01	
 9.7828e+01	
 9.7928e+01	
 9.7979e+01	
 9.7961e+01	
 9.7830e+01	
 9.7935e+01	
 9.7967e+01	
 9.8053e+01	
 9.8009e+01	
 9.7892e+01	
 9.8071e+01	
 9.8084e+01	
 9.7921e+01	
 9.8049e+01	
 9.8015e+01	
 9.7964e+01	
 9.7839e+01	
 9.8045e+01	
 9.8027e+01	
 9.8075e+01	
 9.8104e+01	
 9.8101e+01	
 9.8128e+01	
 9.8148e+01	
 9.8090e+01	
 9.8158e+01	
 9.8170e+01	
 9.8205e+01	
 9.8057e+01	
 9.8157e+01	
 9.8091e+01	
 9.8161e+01	
 9.8276e+01	
 9.8196e+01	
 9.8186e+01	
 9.8221e+01	
 9.8233e+01	
 9.8105e+01	
 9.8249e+01	
 9.8199e+01	
 9.8279e+01	
 9.8205e+01	
 9.8308e+01	
 9.8249e+01	
 9.8317e+01	
 9.8380e+01	
 9.8172e+01	
 9.8292e+01	
 9.8281e+01	
 9.8222e+01	
 9.8361e+01	
 9.8330e+01	
 9.8403e+01	
 9.8235e+01	
