% mean class accuracy (train set)	
 7.5822e+01	
 8.3829e+01	
 8.3469e+01	
 8.7014e+01	
 8.8244e+01	
 8.7604e+01	
 8.9745e+01	
 9.0054e+01	
 9.0635e+01	
 9.0301e+01	
 9.0400e+01	
 9.1596e+01	
 9.1283e+01	
 9.1969e+01	
 9.1591e+01	
 9.2451e+01	
 9.2132e+01	
 9.2557e+01	
 9.2819e+01	
 9.2593e+01	
 9.2740e+01	
 9.2910e+01	
 9.3388e+01	
 9.3437e+01	
 9.3544e+01	
 9.3511e+01	
 9.3846e+01	
 9.3309e+01	
 9.3756e+01	
 9.4142e+01	
 9.4027e+01	
 9.4177e+01	
 9.4392e+01	
 9.4409e+01	
 9.4451e+01	
 9.4426e+01	
 9.4410e+01	
 9.4516e+01	
 9.4757e+01	
 9.4790e+01	
 9.4880e+01	
 9.4922e+01	
 9.4986e+01	
 9.5079e+01	
 9.4985e+01	
 9.5205e+01	
 9.5240e+01	
 9.5238e+01	
 9.5217e+01	
 9.5458e+01	
 9.5492e+01	
 9.5504e+01	
 9.5480e+01	
 9.5679e+01	
 9.5700e+01	
 9.5711e+01	
 9.5697e+01	
 9.5754e+01	
 9.5638e+01	
 9.5756e+01	
 9.5894e+01	
 9.5949e+01	
 9.5986e+01	
 9.6026e+01	
 9.6043e+01	
 9.6075e+01	
 9.6107e+01	
 9.6088e+01	
 9.6231e+01	
 9.6197e+01	
 9.6262e+01	
 9.6252e+01	
 9.6264e+01	
 9.6146e+01	
 9.6376e+01	
 9.6388e+01	
 9.6354e+01	
 9.6381e+01	
 9.6444e+01	
 9.6528e+01	
 9.6560e+01	
 9.6542e+01	
 9.6574e+01	
 9.6601e+01	
 9.6626e+01	
 9.6612e+01	
 9.6693e+01	
 9.6674e+01	
 9.6660e+01	
 9.6734e+01	
 9.6735e+01	
 9.6788e+01	
 9.6808e+01	
 9.6822e+01	
 9.6832e+01	
 9.6880e+01	
 9.6886e+01	
 9.6897e+01	
 9.6881e+01	
 9.6903e+01	
