% mean class accuracy (train set)	
 4.9344e+01	
 3.3618e+01	
 3.5680e+01	
 4.7527e+01	
 6.0321e+01	
 6.3751e+01	
 6.8529e+01	
 7.5387e+01	
 7.9266e+01	
 8.0881e+01	
 8.1561e+01	
 8.1893e+01	
 8.1987e+01	
 8.2090e+01	
 8.2142e+01	
 8.2208e+01	
 8.2342e+01	
 8.2405e+01	
 8.2528e+01	
 8.2612e+01	
 8.2811e+01	
 8.2993e+01	
 8.3163e+01	
 8.3320e+01	
 8.3477e+01	
 8.3705e+01	
 8.3917e+01	
 8.4076e+01	
 8.4327e+01	
 8.4550e+01	
 8.4754e+01	
 8.4937e+01	
 8.5185e+01	
 8.5447e+01	
 8.5673e+01	
 8.5885e+01	
 8.6108e+01	
 8.6408e+01	
 8.6674e+01	
 8.6940e+01	
 8.7031e+01	
 8.7304e+01	
 8.7403e+01	
 8.7509e+01	
 8.7455e+01	
 8.7770e+01	
 8.7776e+01	
 8.8043e+01	
 8.7880e+01	
 8.8089e+01	
 8.8111e+01	
 8.7957e+01	
 8.8280e+01	
 8.8078e+01	
 8.8267e+01	
 8.8272e+01	
 8.8275e+01	
 8.8368e+01	
 8.8297e+01	
 8.8569e+01	
 8.8714e+01	
 8.8430e+01	
 8.8561e+01	
 8.8410e+01	
 8.8773e+01	
 8.8714e+01	
 8.8605e+01	
 8.8919e+01	
 8.8994e+01	
 8.8923e+01	
 8.8904e+01	
 8.8806e+01	
 8.9131e+01	
 8.9132e+01	
 8.9101e+01	
 8.8970e+01	
 8.8561e+01	
 8.8888e+01	
 8.9016e+01	
 8.8663e+01	
 8.9103e+01	
 8.9371e+01	
 8.9417e+01	
 8.9486e+01	
 8.9397e+01	
 8.9364e+01	
 8.9200e+01	
 8.9508e+01	
 8.9193e+01	
 8.9326e+01	
 8.9532e+01	
 8.9443e+01	
 8.9311e+01	
 8.9694e+01	
 8.9427e+01	
 8.9364e+01	
 8.9746e+01	
 8.9596e+01	
 8.9663e+01	
 8.9768e+01	
