% mean class accuracy (train set)	
 5.4539e+01	
 4.3498e+01	
 7.2839e+01	
 8.6654e+01	
 8.9686e+01	
 9.0801e+01	
 9.1383e+01	
 9.1755e+01	
 9.1999e+01	
 9.2245e+01	
 9.2405e+01	
 9.2552e+01	
 9.2690e+01	
 9.2750e+01	
 9.2838e+01	
 9.2951e+01	
 9.3077e+01	
 9.3109e+01	
 9.3241e+01	
 9.3268e+01	
 9.3416e+01	
 9.3350e+01	
 9.3524e+01	
 9.3581e+01	
 9.3699e+01	
 9.3733e+01	
 9.3806e+01	
 9.3914e+01	
 9.3955e+01	
 9.4073e+01	
 9.4075e+01	
 9.4207e+01	
 9.4264e+01	
 9.4306e+01	
 9.4368e+01	
 9.4445e+01	
 9.4575e+01	
 9.4536e+01	
 9.4546e+01	
 9.4653e+01	
 9.4795e+01	
 9.4756e+01	
 9.4745e+01	
 9.4858e+01	
 9.4890e+01	
 9.4890e+01	
 9.4914e+01	
 9.5015e+01	
 9.4953e+01	
 9.4995e+01	
 9.5125e+01	
 9.5132e+01	
 9.5166e+01	
 9.5169e+01	
 9.5197e+01	
 9.5227e+01	
 9.5246e+01	
 9.5172e+01	
 9.5315e+01	
 9.5230e+01	
 9.5315e+01	
 9.5297e+01	
 9.5303e+01	
 9.5443e+01	
 9.5248e+01	
 9.5379e+01	
 9.5419e+01	
 9.5417e+01	
 9.5476e+01	
 9.5506e+01	
 9.5439e+01	
 9.5537e+01	
 9.5451e+01	
 9.5519e+01	
 9.5546e+01	
 9.5592e+01	
 9.5719e+01	
 9.5593e+01	
 9.5573e+01	
 9.5657e+01	
 9.5574e+01	
 9.5625e+01	
 9.5604e+01	
 9.5660e+01	
 9.5577e+01	
 9.5646e+01	
 9.5672e+01	
 9.5646e+01	
 9.5709e+01	
 9.5566e+01	
 9.5649e+01	
 9.5654e+01	
 9.5649e+01	
 9.5781e+01	
 9.5844e+01	
 9.5601e+01	
 9.5762e+01	
 9.5650e+01	
 9.5763e+01	
 9.5722e+01	
