% mean class accuracy (train set)	
 7.2112e+01	
 8.5446e+01	
 8.7954e+01	
 8.8820e+01	
 8.9489e+01	
 8.9983e+01	
 9.0300e+01	
 9.0894e+01	
 9.0922e+01	
 9.1166e+01	
 9.1414e+01	
 9.1680e+01	
 9.1989e+01	
 9.2120e+01	
 9.2287e+01	
 9.2431e+01	
 9.2489e+01	
 9.2552e+01	
 9.2786e+01	
 9.2853e+01	
 9.2959e+01	
 9.3002e+01	
 9.3033e+01	
 9.3105e+01	
 9.3037e+01	
 9.3266e+01	
 9.3395e+01	
 9.3517e+01	
 9.3515e+01	
 9.3583e+01	
 9.3662e+01	
 9.3767e+01	
 9.3756e+01	
 9.3835e+01	
 9.3852e+01	
 9.3864e+01	
 9.3998e+01	
 9.4004e+01	
 9.4016e+01	
 9.4108e+01	
 9.4144e+01	
 9.4254e+01	
 9.4265e+01	
 9.4270e+01	
 9.4330e+01	
 9.4366e+01	
 9.4371e+01	
 9.4469e+01	
 9.4521e+01	
 9.4541e+01	
 9.4573e+01	
 9.4672e+01	
 9.4550e+01	
 9.4704e+01	
 9.4727e+01	
 9.4778e+01	
 9.4805e+01	
 9.4806e+01	
 9.4839e+01	
 9.4824e+01	
 9.4961e+01	
 9.4870e+01	
 9.4948e+01	
 9.5024e+01	
 9.5013e+01	
 9.5030e+01	
 9.5052e+01	
 9.5091e+01	
 9.5095e+01	
 9.5112e+01	
 9.5068e+01	
 9.5194e+01	
 9.5179e+01	
 9.5146e+01	
 9.5239e+01	
 9.5228e+01	
 9.5238e+01	
 9.5283e+01	
 9.5278e+01	
 9.5392e+01	
 9.5400e+01	
 9.5356e+01	
 9.5390e+01	
 9.5353e+01	
 9.5423e+01	
 9.5421e+01	
 9.5433e+01	
 9.5511e+01	
 9.5496e+01	
 9.5503e+01	
 9.5508e+01	
 9.5559e+01	
 9.5538e+01	
 9.5583e+01	
 9.5568e+01	
 9.5630e+01	
 9.5626e+01	
 9.5666e+01	
 9.5706e+01	
 9.5659e+01	
