% mean class accuracy (train set)	
 5.0069e+01	
 5.4035e+01	
 8.1274e+01	
 8.7619e+01	
 8.9552e+01	
 9.0298e+01	
 9.0749e+01	
 9.1157e+01	
 9.1361e+01	
 9.1681e+01	
 9.1852e+01	
 9.1967e+01	
 9.2102e+01	
 9.2257e+01	
 9.2337e+01	
 9.2407e+01	
 9.2529e+01	
 9.2524e+01	
 9.2631e+01	
 9.2713e+01	
 9.2709e+01	
 9.2798e+01	
 9.2856e+01	
 9.2992e+01	
 9.3043e+01	
 9.3096e+01	
 9.3191e+01	
 9.3278e+01	
 9.3315e+01	
 9.3364e+01	
 9.3448e+01	
 9.3589e+01	
 9.3602e+01	
 9.3699e+01	
 9.3738e+01	
 9.3790e+01	
 9.3864e+01	
 9.3918e+01	
 9.3945e+01	
 9.4153e+01	
 9.4098e+01	
 9.4138e+01	
 9.4167e+01	
 9.4298e+01	
 9.4347e+01	
 9.4371e+01	
 9.4393e+01	
 9.4488e+01	
 9.4407e+01	
 9.4558e+01	
 9.4531e+01	
 9.4548e+01	
 9.4525e+01	
 9.4570e+01	
 9.4683e+01	
 9.4603e+01	
 9.4758e+01	
 9.4773e+01	
 9.4857e+01	
 9.4808e+01	
 9.4733e+01	
 9.4767e+01	
 9.4812e+01	
 9.4841e+01	
 9.4915e+01	
 9.4897e+01	
 9.5013e+01	
 9.4922e+01	
 9.4977e+01	
 9.4886e+01	
 9.5063e+01	
 9.5032e+01	
 9.5063e+01	
 9.5146e+01	
 9.5142e+01	
 9.5228e+01	
 9.5205e+01	
 9.5215e+01	
 9.5208e+01	
 9.5176e+01	
 9.5237e+01	
 9.5295e+01	
 9.5288e+01	
 9.5302e+01	
 9.5371e+01	
 9.5380e+01	
 9.5313e+01	
 9.5256e+01	
 9.5331e+01	
 9.5370e+01	
 9.5346e+01	
 9.5336e+01	
 9.5409e+01	
 9.5361e+01	
 9.5441e+01	
 9.5464e+01	
 9.5494e+01	
 9.5503e+01	
 9.5449e+01	
 9.5560e+01	
