% mean class accuracy (train set)	
 7.4090e+01	
 8.4468e+01	
 8.2782e+01	
 8.7411e+01	
 8.7484e+01	
 8.9524e+01	
 8.9409e+01	
 8.9434e+01	
 9.1823e+01	
 9.1554e+01	
 9.0973e+01	
 9.2452e+01	
 9.2119e+01	
 9.2901e+01	
 9.3148e+01	
 9.2591e+01	
 9.3665e+01	
 9.3736e+01	
 9.3441e+01	
 9.3749e+01	
 9.4009e+01	
 9.4029e+01	
 9.4081e+01	
 9.4176e+01	
 9.4187e+01	
 9.4326e+01	
 9.4278e+01	
 9.4383e+01	
 9.4708e+01	
 9.4545e+01	
 9.4432e+01	
 9.4500e+01	
 9.4700e+01	
 9.4918e+01	
 9.4628e+01	
 9.5179e+01	
 9.5244e+01	
 9.5252e+01	
 9.5206e+01	
 9.5353e+01	
 9.5096e+01	
 9.5062e+01	
 9.5539e+01	
 9.5145e+01	
 9.5478e+01	
 9.5675e+01	
 9.5795e+01	
 9.5666e+01	
 9.5181e+01	
 9.5671e+01	
 9.5869e+01	
 9.6030e+01	
 9.5666e+01	
 9.5859e+01	
 9.5976e+01	
 8.2586e+01	
 8.0898e+01	
 8.4477e+01	
 8.6943e+01	
 8.6615e+01	
 8.8103e+01	
 9.0215e+01	
 9.0748e+01	
 9.0396e+01	
 9.1899e+01	
 9.1342e+01	
 9.1991e+01	
 9.2498e+01	
 9.2348e+01	
 9.3160e+01	
 9.3224e+01	
 9.3217e+01	
 9.3263e+01	
 9.3396e+01	
 9.3590e+01	
 9.3764e+01	
 9.3836e+01	
 9.3601e+01	
 9.4278e+01	
 9.3533e+01	
 9.4276e+01	
 9.4394e+01	
 9.4234e+01	
 9.4593e+01	
 9.4257e+01	
 9.4598e+01	
 9.4653e+01	
 9.4798e+01	
 9.4678e+01	
 9.4686e+01	
 9.4873e+01	
 9.5182e+01	
 8.2196e+01	
 8.1293e+01	
 8.2151e+01	
 8.7340e+01	
 8.6201e+01	
 8.9672e+01	
 8.9636e+01	
 9.0240e+01	
