% mean class accuracy (train set)	
 8.2304e+01	
 9.3492e+01	
 9.1814e+01	
 9.4628e+01	
 9.4465e+01	
 9.2667e+01	
 9.5583e+01	
 9.5845e+01	
 9.3442e+01	
 9.5607e+01	
 9.6324e+01	
 9.6282e+01	
 9.6545e+01	
 9.6205e+01	
 9.6882e+01	
 9.6967e+01	
 9.6131e+01	
 9.6707e+01	
 9.6703e+01	
 9.6722e+01	
 9.7222e+01	
 9.7183e+01	
 9.6853e+01	
 9.7327e+01	
 9.7260e+01	
 9.7292e+01	
 9.7264e+01	
 9.7200e+01	
 9.7526e+01	
 9.6860e+01	
 9.7571e+01	
 9.7656e+01	
 9.7393e+01	
 9.7292e+01	
 9.7542e+01	
 9.7719e+01	
 9.7573e+01	
 9.7782e+01	
 9.7729e+01	
 9.7618e+01	
 9.7689e+01	
 9.7324e+01	
 9.7407e+01	
 9.7865e+01	
 9.7757e+01	
 9.7820e+01	
 9.7931e+01	
 9.7889e+01	
 9.7888e+01	
 9.7704e+01	
 9.7853e+01	
 9.7899e+01	
 9.7729e+01	
 9.8053e+01	
 9.7708e+01	
 9.7711e+01	
 9.8018e+01	
 9.8009e+01	
 9.7940e+01	
 9.8052e+01	
 9.8041e+01	
 9.8084e+01	
 9.8070e+01	
 9.7940e+01	
 9.8103e+01	
 9.7985e+01	
 9.8179e+01	
 9.8100e+01	
 9.8143e+01	
 9.8178e+01	
 9.8080e+01	
 9.8153e+01	
 9.8255e+01	
 9.8228e+01	
 9.7948e+01	
 9.8048e+01	
 9.8109e+01	
 9.8103e+01	
 9.8349e+01	
 9.8169e+01	
 9.8100e+01	
 9.8253e+01	
 9.8272e+01	
 9.8263e+01	
 9.8271e+01	
 9.8311e+01	
 9.8269e+01	
 9.8238e+01	
 9.8365e+01	
 9.8320e+01	
 9.8348e+01	
 9.8413e+01	
 9.8378e+01	
 9.8253e+01	
 9.8245e+01	
 9.8316e+01	
 9.8286e+01	
 9.8366e+01	
 9.8440e+01	
 9.8185e+01	
