% mean class accuracy (train set)	
 8.2626e+01	
 9.2805e+01	
 9.4611e+01	
 9.4817e+01	
 9.5061e+01	
 9.5094e+01	
 9.5603e+01	
 9.5718e+01	
 9.4148e+01	
 9.5408e+01	
 9.6355e+01	
 9.6239e+01	
 9.5622e+01	
 9.6507e+01	
 9.6947e+01	
 9.7044e+01	
 9.6209e+01	
 9.6918e+01	
 9.6952e+01	
 9.7049e+01	
 9.7240e+01	
 9.7496e+01	
 9.7252e+01	
 9.6954e+01	
 9.7528e+01	
 9.7171e+01	
 9.7385e+01	
 9.7436e+01	
 9.7630e+01	
 9.7279e+01	
 9.7642e+01	
 9.7587e+01	
 9.7511e+01	
 9.7386e+01	
 9.7742e+01	
 9.7788e+01	
 9.7626e+01	
 9.7798e+01	
 9.7554e+01	
 9.7358e+01	
 9.7912e+01	
 9.7661e+01	
 9.7722e+01	
 9.7917e+01	
 9.7752e+01	
 9.7920e+01	
 9.7870e+01	
 9.7955e+01	
 9.8010e+01	
 9.7855e+01	
 9.8011e+01	
 9.7882e+01	
 9.7869e+01	
 9.8049e+01	
 9.7937e+01	
 9.7776e+01	
 9.8025e+01	
 9.8022e+01	
 9.7810e+01	
 9.8183e+01	
 9.8044e+01	
 9.7997e+01	
 9.8160e+01	
 9.8088e+01	
 9.8133e+01	
 9.8046e+01	
 9.8157e+01	
 9.8140e+01	
 9.8073e+01	
 9.8192e+01	
 9.8188e+01	
 9.8256e+01	
 9.8310e+01	
 9.8213e+01	
 9.8249e+01	
 9.8215e+01	
 9.8228e+01	
 9.8003e+01	
 9.8379e+01	
 9.8245e+01	
 9.8169e+01	
 9.8327e+01	
 9.8309e+01	
 9.8332e+01	
 9.8333e+01	
 9.8352e+01	
 9.8349e+01	
 9.8276e+01	
 9.8381e+01	
 9.8346e+01	
 9.8385e+01	
 9.8415e+01	
 9.8332e+01	
 9.8289e+01	
 9.8201e+01	
 9.8430e+01	
 9.8477e+01	
 9.8308e+01	
 9.8400e+01	
 9.8269e+01	
