% mean class accuracy (train set)	
 7.3649e+01	
 8.0808e+01	
 8.3959e+01	
 8.3861e+01	
 8.7388e+01	
 8.7264e+01	
 8.7802e+01	
 8.9009e+01	
 8.8854e+01	
 8.8835e+01	
 8.9430e+01	
 9.0081e+01	
 9.0523e+01	
 9.0824e+01	
 9.1273e+01	
 9.1326e+01	
 9.1654e+01	
 9.1556e+01	
 9.1980e+01	
 9.2078e+01	
 9.2390e+01	
 9.2223e+01	
 9.2543e+01	
 9.2684e+01	
 9.2930e+01	
 9.2886e+01	
 9.2949e+01	
 9.2863e+01	
 9.3106e+01	
 9.3551e+01	
 9.3397e+01	
 9.3496e+01	
 9.3549e+01	
 9.3822e+01	
 9.3947e+01	
 9.4028e+01	
 9.3840e+01	
 9.4297e+01	
 9.4220e+01	
 9.4444e+01	
 9.4495e+01	
 9.4463e+01	
 9.4696e+01	
 9.4757e+01	
 9.4836e+01	
 9.4682e+01	
 9.5024e+01	
 9.5087e+01	
 9.5165e+01	
 9.4968e+01	
 9.5220e+01	
 9.5233e+01	
 9.5241e+01	
 9.5301e+01	
 9.5501e+01	
 9.5490e+01	
 9.5388e+01	
 9.5761e+01	
 9.5626e+01	
 9.5712e+01	
 9.5674e+01	
 9.5852e+01	
 9.5912e+01	
 9.5917e+01	
 9.6067e+01	
 9.6057e+01	
 9.6133e+01	
 9.6081e+01	
 9.6160e+01	
 9.6174e+01	
 9.6264e+01	
 9.6243e+01	
 9.6295e+01	
 9.6370e+01	
 9.6358e+01	
 9.6462e+01	
 9.6435e+01	
 9.6507e+01	
 9.6511e+01	
 9.6534e+01	
 9.6555e+01	
 9.6602e+01	
 9.6548e+01	
 9.6695e+01	
 9.6731e+01	
 9.6745e+01	
 9.6825e+01	
 9.6819e+01	
 9.6805e+01	
 9.6830e+01	
 9.6899e+01	
 9.6980e+01	
 9.6940e+01	
 9.7006e+01	
 9.7029e+01	
 9.7065e+01	
 9.7080e+01	
 9.7085e+01	
 9.7115e+01	
 9.7148e+01	
