% mean class accuracy (train set)	
 5.0997e+01	
 6.8706e+01	
 7.0673e+01	
 7.2567e+01	
 7.4138e+01	
 7.5913e+01	
 7.7974e+01	
 7.9219e+01	
 7.8672e+01	
 7.4044e+01	
 6.9382e+01	
 7.8551e+01	
 8.6125e+01	
 8.8509e+01	
 8.9465e+01	
 8.9854e+01	
 9.0063e+01	
 9.0253e+01	
 9.0389e+01	
 9.0527e+01	
 9.0665e+01	
 9.0794e+01	
 9.0828e+01	
 9.1030e+01	
 9.1193e+01	
 9.1345e+01	
 9.1476e+01	
 9.1659e+01	
 9.1816e+01	
 9.1948e+01	
 9.2184e+01	
 9.2406e+01	
 9.2566e+01	
 9.2786e+01	
 9.2939e+01	
 9.3097e+01	
 9.3316e+01	
 9.3545e+01	
 9.3807e+01	
 9.3949e+01	
 9.3917e+01	
 9.4172e+01	
 9.4162e+01	
 9.4224e+01	
 9.4528e+01	
 9.4499e+01	
 9.4644e+01	
 9.4415e+01	
 9.4595e+01	
 9.4809e+01	
 9.4651e+01	
 9.4463e+01	
 9.5024e+01	
 9.4959e+01	
 9.4618e+01	
 9.4822e+01	
 9.4838e+01	
 9.5279e+01	
 9.5027e+01	
 9.5186e+01	
 9.4715e+01	
 9.5144e+01	
 9.5069e+01	
 9.4717e+01	
 9.5150e+01	
 9.5376e+01	
 9.5377e+01	
 9.5108e+01	
 9.4980e+01	
 9.5437e+01	
 9.5285e+01	
 9.5392e+01	
 9.5292e+01	
 9.5392e+01	
 9.5118e+01	
 9.4982e+01	
 9.5367e+01	
 9.5326e+01	
 9.5422e+01	
 9.5527e+01	
 9.5413e+01	
 9.5544e+01	
 9.5499e+01	
 9.5698e+01	
 9.5246e+01	
 9.5282e+01	
 9.5361e+01	
 9.5304e+01	
 9.5399e+01	
 9.5754e+01	
 9.5608e+01	
 9.5557e+01	
 9.5713e+01	
 9.5092e+01	
 9.5512e+01	
 9.5769e+01	
 9.5493e+01	
 9.5653e+01	
 9.5722e+01	
 9.5346e+01	
