% mean class accuracy (train set)	
 6.2554e+01	
 6.9420e+01	
 7.6823e+01	
 8.2506e+01	
 7.9427e+01	
 8.3599e+01	
 8.3870e+01	
 8.2548e+01	
 8.5126e+01	
 8.2227e+01	
 8.4178e+01	
 8.6417e+01	
 8.4424e+01	
 8.7228e+01	
 8.5962e+01	
 8.7992e+01	
 8.8677e+01	
 8.9154e+01	
 8.7819e+01	
 8.4910e+01	
 8.7980e+01	
 8.9407e+01	
 9.0448e+01	
 9.0121e+01	
 9.0386e+01	
 9.1156e+01	
 9.1208e+01	
 9.0820e+01	
 8.2966e+01	
 6.7939e+01	
 7.7056e+01	
 7.5864e+01	
 7.8251e+01	
 8.1503e+01	
 7.8164e+01	
 8.0046e+01	
 8.0786e+01	
 8.5093e+01	
 8.4824e+01	
 8.5990e+01	
 8.6539e+01	
 8.5970e+01	
 8.7168e+01	
 8.3279e+01	
 8.4517e+01	
 8.4927e+01	
 8.6279e+01	
 8.7422e+01	
 8.7623e+01	
 8.7593e+01	
 8.8666e+01	
 8.8885e+01	
 8.8301e+01	
 8.8797e+01	
 8.8440e+01	
 8.9431e+01	
 8.9500e+01	
 9.0080e+01	
 8.9740e+01	
 9.0392e+01	
 9.0479e+01	
 9.0590e+01	
 9.0518e+01	
 9.0639e+01	
 9.0496e+01	
 9.0573e+01	
 9.0854e+01	
 9.0918e+01	
 8.8477e+01	
 8.8760e+01	
 8.9992e+01	
 9.1115e+01	
 9.1163e+01	
 9.1185e+01	
 9.1533e+01	
 9.1548e+01	
 9.1675e+01	
 9.1814e+01	
 9.1974e+01	
 9.2026e+01	
 9.1707e+01	
 9.2148e+01	
 9.2196e+01	
 9.1998e+01	
 9.2330e+01	
 9.2244e+01	
 9.2437e+01	
 9.2226e+01	
 9.2562e+01	
 9.2255e+01	
 9.2362e+01	
 9.2441e+01	
 9.2643e+01	
 9.2840e+01	
 9.2825e+01	
 9.2821e+01	
 9.2786e+01	
 9.2992e+01	
 9.3093e+01	
 9.2965e+01	
