% mean class accuracy (train set)	
 7.8753e+01	
 8.9624e+01	
 9.1181e+01	
 9.2117e+01	
 9.2848e+01	
 9.3236e+01	
 9.3787e+01	
 9.3966e+01	
 9.3828e+01	
 9.4491e+01	
 9.4586e+01	
 9.4790e+01	
 9.4849e+01	
 9.5114e+01	
 9.5040e+01	
 9.5293e+01	
 9.5065e+01	
 9.5399e+01	
 9.5458e+01	
 9.5381e+01	
 9.5639e+01	
 9.5611e+01	
 9.5735e+01	
 9.5801e+01	
 9.5809e+01	
 9.5688e+01	
 9.5958e+01	
 9.6111e+01	
 9.6100e+01	
 9.5946e+01	
 9.6176e+01	
 9.6225e+01	
 9.6035e+01	
 9.6338e+01	
 9.6080e+01	
 9.6236e+01	
 9.6091e+01	
 9.6419e+01	
 9.6511e+01	
 9.6504e+01	
 9.6533e+01	
 9.6485e+01	
 9.6580e+01	
 9.6629e+01	
 9.6677e+01	
 9.6643e+01	
 9.6696e+01	
 9.6764e+01	
 9.6741e+01	
 9.6791e+01	
 9.4816e+01	
 5.5425e+01	
 9.0555e+01	
 9.2914e+01	
 9.3572e+01	
 9.3544e+01	
 9.4340e+01	
 9.4592e+01	
 9.4737e+01	
 9.4686e+01	
 9.4938e+01	
 9.4969e+01	
 9.4820e+01	
 9.5161e+01	
 9.5210e+01	
 9.5293e+01	
 9.5485e+01	
 9.5122e+01	
 9.5545e+01	
 9.5538e+01	
 9.5518e+01	
 9.5649e+01	
 9.5670e+01	
 9.5599e+01	
 9.5676e+01	
 9.5751e+01	
 9.5837e+01	
 9.5802e+01	
 9.5673e+01	
 9.5921e+01	
 9.5959e+01	
 9.5901e+01	
 9.5908e+01	
 9.5921e+01	
 9.6049e+01	
 9.6084e+01	
 9.6039e+01	
 9.6133e+01	
 9.6004e+01	
 9.6113e+01	
 9.6092e+01	
 9.6061e+01	
 9.6177e+01	
 9.6208e+01	
 9.6211e+01	
 9.6119e+01	
 9.6266e+01	
 9.6244e+01	
 9.6101e+01	
 9.6297e+01	
