% mean class accuracy (train set)	
 6.2659e+01	
 8.2468e+01	
 9.0309e+01	
 9.0908e+01	
 9.1222e+01	
 9.1538e+01	
 9.1783e+01	
 9.2043e+01	
 9.2209e+01	
 9.2398e+01	
 9.2534e+01	
 9.2632e+01	
 9.2733e+01	
 9.2780e+01	
 9.2867e+01	
 9.2932e+01	
 9.2994e+01	
 9.3101e+01	
 9.3166e+01	
 9.3248e+01	
 9.3376e+01	
 9.3461e+01	
 9.3425e+01	
 9.3536e+01	
 9.3594e+01	
 9.3657e+01	
 9.3803e+01	
 9.3895e+01	
 9.3943e+01	
 9.3978e+01	
 9.3984e+01	
 9.4220e+01	
 9.4258e+01	
 9.4268e+01	
 9.4366e+01	
 9.4424e+01	
 9.4404e+01	
 9.4400e+01	
 9.4589e+01	
 9.4597e+01	
 9.4631e+01	
 9.4731e+01	
 9.4620e+01	
 9.4693e+01	
 9.4756e+01	
 9.4825e+01	
 9.4822e+01	
 9.4723e+01	
 9.5072e+01	
 9.4805e+01	
 9.4785e+01	
 9.5001e+01	
 9.4759e+01	
 9.4966e+01	
 9.5222e+01	
 9.5153e+01	
 9.4924e+01	
 9.5041e+01	
 9.5320e+01	
 9.5066e+01	
 9.4884e+01	
 9.5388e+01	
 9.5355e+01	
 9.5299e+01	
 9.5162e+01	
 9.4713e+01	
 9.5393e+01	
 9.5289e+01	
 9.5307e+01	
 9.5250e+01	
 9.5576e+01	
 9.4932e+01	
 9.5031e+01	
 9.5186e+01	
 9.5388e+01	
 9.4911e+01	
 9.5236e+01	
 9.5317e+01	
 9.5445e+01	
 9.5299e+01	
 9.5145e+01	
 9.4593e+01	
 9.5347e+01	
 9.5292e+01	
 9.5460e+01	
 9.4631e+01	
 9.5506e+01	
 9.5428e+01	
 9.5621e+01	
 9.5430e+01	
 9.5510e+01	
 9.5039e+01	
 9.5022e+01	
 9.5038e+01	
 9.5492e+01	
 9.5286e+01	
 9.5338e+01	
 9.5468e+01	
 9.5402e+01	
 9.5647e+01	
