% mean class accuracy (train set)	
 4.9376e+01	
 3.4323e+01	
 3.7445e+01	
 5.2401e+01	
 6.3642e+01	
 8.1721e+01	
 8.7643e+01	
 8.9289e+01	
 9.0033e+01	
 9.0403e+01	
 9.0654e+01	
 9.0889e+01	
 9.1116e+01	
 9.1324e+01	
 9.1493e+01	
 9.1723e+01	
 9.1918e+01	
 9.2128e+01	
 9.2337e+01	
 9.2427e+01	
 9.2555e+01	
 9.2752e+01	
 9.2847e+01	
 9.2960e+01	
 9.3050e+01	
 9.3242e+01	
 9.3413e+01	
 9.3436e+01	
 9.3592e+01	
 9.3840e+01	
 9.3840e+01	
 9.3908e+01	
 9.4099e+01	
 9.4157e+01	
 9.4250e+01	
 9.4218e+01	
 9.4385e+01	
 9.4432e+01	
 9.4528e+01	
 9.4598e+01	
 9.4607e+01	
 9.4602e+01	
 9.4684e+01	
 9.4877e+01	
 9.4703e+01	
 9.4751e+01	
 9.4857e+01	
 9.4942e+01	
 9.4822e+01	
 9.5069e+01	
 9.4975e+01	
 9.5080e+01	
 9.5073e+01	
 9.5052e+01	
 9.5052e+01	
 9.5146e+01	
 9.5174e+01	
 9.5181e+01	
 9.5166e+01	
 9.5217e+01	
 9.5106e+01	
 9.5425e+01	
 9.5104e+01	
 9.5235e+01	
 9.5457e+01	
 9.5298e+01	
 9.5327e+01	
 9.5481e+01	
 9.5478e+01	
 9.5501e+01	
 9.5474e+01	
 9.5419e+01	
 9.5456e+01	
 9.5594e+01	
 9.5507e+01	
 9.5622e+01	
 9.5703e+01	
 9.5544e+01	
 9.5617e+01	
 9.5569e+01	
 9.5567e+01	
 9.5524e+01	
 9.5603e+01	
 9.5634e+01	
 9.5512e+01	
 9.5600e+01	
 9.5593e+01	
 9.5762e+01	
 9.5677e+01	
 9.5606e+01	
 9.5601e+01	
 9.5839e+01	
 9.5644e+01	
 9.5607e+01	
 9.5680e+01	
 9.5776e+01	
 9.5367e+01	
 9.5683e+01	
 9.5676e+01	
 9.5838e+01	
