% mean class accuracy (train set)	
 5.7313e+01	
 8.0955e+01	
 6.0789e+01	
 8.0372e+01	
 8.8260e+01	
 9.0184e+01	
 9.1053e+01	
 9.1615e+01	
 9.1928e+01	
 9.2221e+01	
 9.2413e+01	
 9.2547e+01	
 9.2753e+01	
 9.2882e+01	
 9.2934e+01	
 9.2987e+01	
 9.3129e+01	
 9.3169e+01	
 9.3269e+01	
 9.3307e+01	
 9.3422e+01	
 9.3518e+01	
 9.3620e+01	
 9.3696e+01	
 9.3717e+01	
 9.3778e+01	
 9.3936e+01	
 9.4017e+01	
 9.4065e+01	
 9.4118e+01	
 9.4224e+01	
 9.4283e+01	
 9.4297e+01	
 9.4388e+01	
 9.4368e+01	
 9.4407e+01	
 9.4542e+01	
 9.4598e+01	
 9.4718e+01	
 9.4678e+01	
 9.4739e+01	
 9.4803e+01	
 9.4834e+01	
 9.4842e+01	
 9.4949e+01	
 9.4874e+01	
 9.4957e+01	
 9.4962e+01	
 9.5031e+01	
 9.5028e+01	
 9.5048e+01	
 9.5072e+01	
 9.5175e+01	
 9.5128e+01	
 9.5235e+01	
 9.5153e+01	
 9.5281e+01	
 9.5268e+01	
 9.5311e+01	
 9.5279e+01	
 9.5352e+01	
 9.5297e+01	
 9.5338e+01	
 9.5393e+01	
 9.5364e+01	
 9.5382e+01	
 9.5442e+01	
 9.5456e+01	
 9.5533e+01	
 9.5458e+01	
 9.5491e+01	
 9.5470e+01	
 9.5584e+01	
 9.5570e+01	
 9.5502e+01	
 9.5559e+01	
 9.5517e+01	
 9.5593e+01	
 9.5672e+01	
 9.5619e+01	
 9.5572e+01	
 9.5703e+01	
 9.5582e+01	
 9.5680e+01	
 9.5640e+01	
 9.5650e+01	
 9.5707e+01	
 9.5805e+01	
 9.5677e+01	
 9.5726e+01	
 9.5614e+01	
 9.5866e+01	
 9.5821e+01	
 9.5742e+01	
 9.5683e+01	
 9.5800e+01	
 9.5783e+01	
 9.5783e+01	
 9.5884e+01	
 9.5625e+01	
