% mean class accuracy (train set)	
 6.5446e+01	
 5.3373e+01	
 5.7008e+01	
 7.8734e+01	
 8.7181e+01	
 8.9598e+01	
 9.0518e+01	
 9.1119e+01	
 9.1531e+01	
 9.1854e+01	
 9.2125e+01	
 9.2337e+01	
 9.2508e+01	
 9.2684e+01	
 9.2801e+01	
 9.2934e+01	
 9.3043e+01	
 9.3108e+01	
 9.3233e+01	
 9.3329e+01	
 9.3384e+01	
 9.3447e+01	
 9.3563e+01	
 9.3711e+01	
 9.3737e+01	
 9.3820e+01	
 9.3924e+01	
 9.4045e+01	
 9.4075e+01	
 9.4097e+01	
 9.4197e+01	
 9.4274e+01	
 9.4320e+01	
 9.4439e+01	
 9.4506e+01	
 9.4530e+01	
 9.4619e+01	
 9.4671e+01	
 9.4658e+01	
 9.4739e+01	
 9.4715e+01	
 9.4803e+01	
 9.4743e+01	
 9.4846e+01	
 9.4870e+01	
 9.4888e+01	
 9.4938e+01	
 9.5075e+01	
 9.5047e+01	
 9.4990e+01	
 9.5038e+01	
 9.5067e+01	
 9.5156e+01	
 9.5168e+01	
 9.5194e+01	
 9.5153e+01	
 9.5262e+01	
 9.5274e+01	
 9.5324e+01	
 9.5229e+01	
 9.5406e+01	
 9.5357e+01	
 9.5335e+01	
 9.5434e+01	
 9.5329e+01	
 9.5374e+01	
 9.5407e+01	
 9.5518e+01	
 9.5418e+01	
 9.5544e+01	
 9.5397e+01	
 9.5474e+01	
 9.5566e+01	
 9.5422e+01	
 9.5556e+01	
 9.5599e+01	
 9.5606e+01	
 9.5592e+01	
 9.5549e+01	
 9.5693e+01	
 9.5496e+01	
 9.5668e+01	
 9.5633e+01	
 9.5649e+01	
 9.5530e+01	
 9.5658e+01	
 9.5562e+01	
 9.5695e+01	
 9.5659e+01	
 9.5528e+01	
 9.5668e+01	
 9.5715e+01	
 9.5668e+01	
 9.5708e+01	
 9.5693e+01	
 9.5663e+01	
 9.5732e+01	
 9.5652e+01	
 9.5700e+01	
 9.5754e+01	
