% mean class accuracy (train set)	
 7.6569e+01	
 8.4746e+01	
 8.3814e+01	
 8.7445e+01	
 8.8517e+01	
 8.7875e+01	
 8.9702e+01	
 8.9867e+01	
 9.0525e+01	
 8.9924e+01	
 9.0817e+01	
 9.1450e+01	
 9.0982e+01	
 9.1718e+01	
 9.1958e+01	
 9.2096e+01	
 9.1828e+01	
 9.2496e+01	
 9.2576e+01	
 9.2528e+01	
 9.2838e+01	
 9.2862e+01	
 9.3020e+01	
 9.3235e+01	
 9.3271e+01	
 9.3108e+01	
 9.3557e+01	
 9.3286e+01	
 9.3568e+01	
 9.3790e+01	
 9.3636e+01	
 9.4085e+01	
 9.3962e+01	
 9.4044e+01	
 9.4260e+01	
 9.4280e+01	
 9.4251e+01	
 9.4208e+01	
 9.4473e+01	
 9.4515e+01	
 9.4540e+01	
 9.4541e+01	
 9.4623e+01	
 9.4695e+01	
 9.4731e+01	
 9.4908e+01	
 9.5010e+01	
 9.5037e+01	
 9.4881e+01	
 9.5116e+01	
 9.5207e+01	
 9.5245e+01	
 9.5236e+01	
 9.5370e+01	
 9.5385e+01	
 9.5480e+01	
 9.5380e+01	
 9.5387e+01	
 9.5357e+01	
 9.5469e+01	
 9.5540e+01	
 9.5602e+01	
 9.5495e+01	
 9.5691e+01	
 9.5776e+01	
 9.5740e+01	
 9.5863e+01	
 9.5870e+01	
 9.5839e+01	
 9.5946e+01	
 9.5966e+01	
 9.5988e+01	
 9.5947e+01	
 9.5923e+01	
 9.6018e+01	
 9.6034e+01	
 9.6032e+01	
 9.6099e+01	
 9.6095e+01	
 9.6200e+01	
 9.6248e+01	
 9.6267e+01	
 9.6293e+01	
 9.6224e+01	
 9.6306e+01	
 9.6324e+01	
 9.6379e+01	
 9.6377e+01	
 9.6428e+01	
 9.6409e+01	
 9.6514e+01	
 9.6433e+01	
 9.6513e+01	
 9.6547e+01	
 9.6576e+01	
 9.6595e+01	
 9.6600e+01	
 9.6586e+01	
 9.6550e+01	
 9.6593e+01	
