% mean class accuracy (train set)	
 6.0153e+01	
 5.6223e+01	
 3.3552e+01	
 3.3260e+01	
 3.3247e+01	
 3.3247e+01	
 3.3247e+01	
 3.3247e+01	
 3.3247e+01	
 3.3247e+01	
 3.3247e+01	
 3.3247e+01	
 3.3247e+01	
 3.3247e+01	
 3.3247e+01	
 3.3247e+01	
 3.3247e+01	
 3.3247e+01	
 3.3247e+01	
 3.3247e+01	
 3.3247e+01	
 3.3247e+01	
 3.3247e+01	
 3.3247e+01	
 3.3247e+01	
 3.3247e+01	
 3.3247e+01	
 3.3247e+01	
 3.3247e+01	
 3.3247e+01	
 3.3247e+01	
 3.3247e+01	
 3.3247e+01	
 3.3247e+01	
 3.3247e+01	
 3.3247e+01	
 3.3247e+01	
 3.3247e+01	
 3.3247e+01	
 3.3247e+01	
 3.3247e+01	
 3.3247e+01	
 3.3247e+01	
 3.3247e+01	
 3.3247e+01	
 3.3247e+01	
 3.3247e+01	
 3.3247e+01	
 3.3247e+01	
 3.3247e+01	
 3.3247e+01	
 3.3247e+01	
 3.3247e+01	
 3.3247e+01	
 3.3247e+01	
 3.3247e+01	
 3.3247e+01	
 3.3247e+01	
 3.3247e+01	
 3.3247e+01	
 3.3247e+01	
 3.3247e+01	
 3.3247e+01	
 3.3247e+01	
 3.3247e+01	
 3.3247e+01	
 3.3247e+01	
 3.3247e+01	
 3.3247e+01	
 3.3247e+01	
 3.3247e+01	
 3.3247e+01	
 3.3247e+01	
 3.3247e+01	
 3.3247e+01	
 3.3247e+01	
 3.3247e+01	
 3.3247e+01	
 3.3247e+01	
 3.3247e+01	
 3.3247e+01	
 3.3247e+01	
 3.3247e+01	
 3.3247e+01	
 3.3247e+01	
 3.3247e+01	
 3.3247e+01	
 3.3247e+01	
 3.3247e+01	
 3.3247e+01	
 3.3247e+01	
 3.3247e+01	
 3.3247e+01	
 3.3247e+01	
 3.3247e+01	
 3.3247e+01	
 3.3247e+01	
 3.3247e+01	
 3.3247e+01	
 3.3247e+01	
