% mean class accuracy (train set)	
 5.4532e+01	
 4.3528e+01	
 7.2852e+01	
 8.6657e+01	
 8.9675e+01	
 9.0826e+01	
 9.1403e+01	
 9.1772e+01	
 9.2004e+01	
 9.2224e+01	
 9.2391e+01	
 9.2542e+01	
 9.2678e+01	
 9.2746e+01	
 9.2832e+01	
 9.2950e+01	
 9.3066e+01	
 9.3119e+01	
 9.3227e+01	
 9.3252e+01	
 9.3402e+01	
 9.3369e+01	
 9.3510e+01	
 9.3564e+01	
 9.3689e+01	
 9.3716e+01	
 9.3782e+01	
 9.3883e+01	
 9.3930e+01	
 9.4100e+01	
 9.4042e+01	
 9.4221e+01	
 9.4232e+01	
 9.4304e+01	
 9.4389e+01	
 9.4473e+01	
 9.4577e+01	
 9.4528e+01	
 9.4559e+01	
 9.4673e+01	
 9.4763e+01	
 9.4763e+01	
 9.4764e+01	
 9.4838e+01	
 9.4904e+01	
 9.4896e+01	
 9.4943e+01	
 9.5033e+01	
 9.4968e+01	
 9.5025e+01	
 9.5122e+01	
 9.5140e+01	
 9.5137e+01	
 9.5167e+01	
 9.5211e+01	
 9.5228e+01	
 9.5265e+01	
 9.5155e+01	
 9.5274e+01	
 9.5231e+01	
 9.5327e+01	
 9.5309e+01	
 9.5284e+01	
 9.5458e+01	
 9.5271e+01	
 9.5366e+01	
 9.5397e+01	
 9.5413e+01	
 9.5476e+01	
 9.5491e+01	
 9.5454e+01	
 9.5535e+01	
 9.5455e+01	
 9.5523e+01	
 9.5557e+01	
 9.5575e+01	
 9.5703e+01	
 9.5637e+01	
 9.5565e+01	
 9.5655e+01	
 9.5618e+01	
 9.5607e+01	
 9.5569e+01	
 9.5669e+01	
 9.5588e+01	
 9.5670e+01	
 9.5708e+01	
 9.5641e+01	
 9.5694e+01	
 9.5584e+01	
 9.5631e+01	
 9.5621e+01	
 9.5635e+01	
 9.5804e+01	
 9.5832e+01	
 9.5587e+01	
 9.5738e+01	
 9.5662e+01	
 9.5764e+01	
 9.5722e+01	
