% mean class accuracy (train set)	
 7.5711e+01	
 8.3943e+01	
 8.2946e+01	
 8.6880e+01	
 8.8342e+01	
 8.7624e+01	
 8.9753e+01	
 8.9866e+01	
 9.0707e+01	
 9.0352e+01	
 9.0973e+01	
 9.1604e+01	
 9.1118e+01	
 9.1914e+01	
 9.2152e+01	
 9.2333e+01	
 9.2045e+01	
 9.2697e+01	
 9.2829e+01	
 9.2700e+01	
 9.3121e+01	
 9.2979e+01	
 9.3346e+01	
 9.3543e+01	
 9.3420e+01	
 9.3373e+01	
 9.3817e+01	
 9.3258e+01	
 9.3869e+01	
 9.4068e+01	
 9.3884e+01	
 9.4176e+01	
 9.4333e+01	
 9.4344e+01	
 9.4348e+01	
 9.4621e+01	
 9.4615e+01	
 9.4497e+01	
 9.4787e+01	
 9.4881e+01	
 9.4763e+01	
 9.4897e+01	
 9.5014e+01	
 9.5065e+01	
 9.5049e+01	
 9.5232e+01	
 9.5286e+01	
 9.5290e+01	
 9.5311e+01	
 9.5372e+01	
 9.5466e+01	
 9.5359e+01	
 9.5432e+01	
 9.5660e+01	
 9.5696e+01	
 9.5716e+01	
 9.5681e+01	
 9.5793e+01	
 9.5700e+01	
 9.5789e+01	
 9.5883e+01	
 9.5780e+01	
 9.5948e+01	
 9.5990e+01	
 9.5979e+01	
 9.6052e+01	
 9.6090e+01	
 9.6096e+01	
 9.6196e+01	
 9.6205e+01	
 9.6265e+01	
 9.6252e+01	
 9.6208e+01	
 9.6161e+01	
 9.6365e+01	
 9.6412e+01	
 9.6342e+01	
 9.6410e+01	
 9.6397e+01	
 9.6536e+01	
 9.6510e+01	
 9.6501e+01	
 9.6523e+01	
 9.6545e+01	
 9.6637e+01	
 9.6667e+01	
 9.6668e+01	
 9.6687e+01	
 9.6649e+01	
 9.6687e+01	
 9.6798e+01	
 9.6791e+01	
 9.6805e+01	
 9.6826e+01	
 9.6835e+01	
 9.6876e+01	
 9.6847e+01	
 9.6866e+01	
 9.6874e+01	
 9.6931e+01	
