% mean class accuracy (train set)	
 7.2688e+01	
 8.4889e+01	
 8.6757e+01	
 8.8435e+01	
 8.8855e+01	
 8.9679e+01	
 9.0248e+01	
 9.0537e+01	
 9.0789e+01	
 9.0869e+01	
 9.1309e+01	
 9.1661e+01	
 9.1843e+01	
 9.2168e+01	
 9.2264e+01	
 9.2576e+01	
 9.2602e+01	
 9.2778e+01	
 9.2778e+01	
 9.2941e+01	
 9.3008e+01	
 9.3225e+01	
 9.3263e+01	
 9.3367e+01	
 9.3322e+01	
 9.3440e+01	
 9.3675e+01	
 9.3825e+01	
 9.3768e+01	
 9.3975e+01	
 9.4011e+01	
 9.4072e+01	
 9.4175e+01	
 9.4194e+01	
 9.4288e+01	
 9.4331e+01	
 9.4409e+01	
 9.4424e+01	
 9.4532e+01	
 9.4510e+01	
 9.4547e+01	
 9.4694e+01	
 9.4757e+01	
 9.4764e+01	
 9.4730e+01	
 9.4826e+01	
 9.4787e+01	
 9.4888e+01	
 9.5008e+01	
 9.4969e+01	
 9.5011e+01	
 9.5130e+01	
 9.4990e+01	
 9.5074e+01	
 9.5166e+01	
 9.5195e+01	
 9.5265e+01	
 9.5221e+01	
 9.5253e+01	
 9.5288e+01	
 9.5327e+01	
 9.5285e+01	
 9.5358e+01	
 9.5417e+01	
 9.5394e+01	
 9.5436e+01	
 9.5451e+01	
 9.5477e+01	
 9.5435e+01	
 9.5549e+01	
 9.5387e+01	
 9.5587e+01	
 9.5627e+01	
 9.5514e+01	
 9.5619e+01	
 9.5650e+01	
 9.5679e+01	
 9.5616e+01	
 9.5661e+01	
 9.5773e+01	
 9.5778e+01	
 9.5769e+01	
 9.5794e+01	
 9.5713e+01	
 9.5792e+01	
 9.5820e+01	
 9.5820e+01	
 9.5854e+01	
 9.5800e+01	
 9.5867e+01	
 9.5828e+01	
 9.5911e+01	
 9.5906e+01	
 9.5937e+01	
 9.5899e+01	
 9.5896e+01	
 9.5926e+01	
 9.6021e+01	
 9.5975e+01	
 9.6003e+01	
