% mean class accuracy (train set)	
 5.0352e+01	
 3.9816e+01	
 3.9721e+01	
 6.0037e+01	
 3.9855e+01	
 3.9863e+01	
 6.0025e+01	
 6.0126e+01	
 3.9891e+01	
 6.0093e+01	
 6.0114e+01	
 3.9939e+01	
 6.0111e+01	
 5.9943e+01	
 6.0115e+01	
 3.9913e+01	
 3.9845e+01	
 5.9975e+01	
 3.9929e+01	
 3.9802e+01	
 6.0064e+01	
 6.0217e+01	
 6.0097e+01	
 3.9869e+01	
 3.9783e+01	
 3.9833e+01	
 6.0079e+01	
 3.9868e+01	
 3.9799e+01	
 6.0115e+01	
 6.0081e+01	
 3.9849e+01	
 3.9862e+01	
 3.9852e+01	
 3.9806e+01	
 6.0043e+01	
 6.0079e+01	
 3.9861e+01	
 3.9908e+01	
 3.9977e+01	
 5.9992e+01	
 3.9939e+01	
 3.9964e+01	
 6.0090e+01	
 3.9818e+01	
 6.0001e+01	
 6.0074e+01	
 3.9875e+01	
 3.9917e+01	
 6.0084e+01	
 6.0165e+01	
 6.0079e+01	
 6.0177e+01	
 6.0028e+01	
 3.9921e+01	
 3.9922e+01	
 6.0097e+01	
 6.0124e+01	
 3.9836e+01	
 6.0166e+01	
 3.9894e+01	
 6.0179e+01	
 3.9887e+01	
 6.0081e+01	
 6.0010e+01	
 3.9892e+01	
 6.0116e+01	
 3.9880e+01	
 6.0113e+01	
 6.0079e+01	
 6.0198e+01	
 3.9856e+01	
 3.9890e+01	
 3.9937e+01	
 3.9822e+01	
 6.0149e+01	
 3.9819e+01	
 3.9910e+01	
 6.0015e+01	
 3.9784e+01	
 3.9820e+01	
 6.0110e+01	
 6.0103e+01	
 6.0037e+01	
 3.9916e+01	
 6.0124e+01	
 6.0056e+01	
 3.9906e+01	
 6.0097e+01	
 6.0063e+01	
 6.0096e+01	
 3.9866e+01	
 6.0087e+01	
 6.0171e+01	
 3.9894e+01	
 6.0133e+01	
 3.9878e+01	
 3.9895e+01	
 3.9893e+01	
 6.0052e+01	
