% mean class accuracy (train set)	
 5.4217e+01	
 5.9213e+01	
 6.6385e+01	
 6.8318e+01	
 7.0626e+01	
 7.3386e+01	
 7.5718e+01	
 7.6894e+01	
 7.7832e+01	
 7.8717e+01	
 7.9617e+01	
 8.0670e+01	
 8.1813e+01	
 8.2610e+01	
 8.3282e+01	
 8.3656e+01	
 8.4196e+01	
 8.4643e+01	
 8.4678e+01	
 8.4891e+01	
 8.5455e+01	
 8.5162e+01	
 8.5602e+01	
 8.5363e+01	
 8.6053e+01	
 8.5523e+01	
 8.5866e+01	
 8.5647e+01	
 8.6680e+01	
 8.6563e+01	
 8.6487e+01	
 8.6853e+01	
 8.5893e+01	
 8.7141e+01	
 8.6345e+01	
 8.6523e+01	
 8.7147e+01	
 8.7110e+01	
 8.7677e+01	
 8.7032e+01	
 8.6842e+01	
 8.7343e+01	
 8.7633e+01	
 8.7478e+01	
 8.7476e+01	
 8.7858e+01	
 8.7831e+01	
 8.8033e+01	
 8.7032e+01	
 8.8218e+01	
 8.8046e+01	
 8.7904e+01	
 8.8375e+01	
 8.8429e+01	
 8.8327e+01	
 8.8576e+01	
 8.8658e+01	
 8.8446e+01	
 8.8359e+01	
 8.8553e+01	
 8.8643e+01	
 8.8895e+01	
 8.8682e+01	
 8.9002e+01	
 8.9141e+01	
 8.8997e+01	
 8.8956e+01	
 8.9307e+01	
 8.9080e+01	
 8.9539e+01	
 8.9541e+01	
 8.9394e+01	
 8.8622e+01	
 8.9571e+01	
 8.9603e+01	
 8.9493e+01	
 8.9440e+01	
 8.9246e+01	
 8.9697e+01	
 8.9451e+01	
 8.9788e+01	
 9.0051e+01	
 8.9685e+01	
 8.9780e+01	
 8.9964e+01	
 8.9707e+01	
 9.0279e+01	
 9.0105e+01	
 8.9688e+01	
 9.0070e+01	
 9.0228e+01	
 9.0238e+01	
 9.0063e+01	
 9.0376e+01	
 8.9850e+01	
 9.0064e+01	
 9.0517e+01	
 9.0511e+01	
 9.0484e+01	
 9.0637e+01	
