% mean class accuracy (train set)	
 7.5851e+01	
 8.3850e+01	
 8.3186e+01	
 8.7105e+01	
 8.8407e+01	
 8.7798e+01	
 8.9810e+01	
 8.9917e+01	
 9.0647e+01	
 9.0362e+01	
 9.0453e+01	
 9.1621e+01	
 9.1190e+01	
 9.1551e+01	
 9.2190e+01	
 9.2333e+01	
 9.2500e+01	
 9.2712e+01	
 9.2844e+01	
 9.2696e+01	
 9.2762e+01	
 9.3292e+01	
 9.3402e+01	
 9.3486e+01	
 9.3402e+01	
 9.3422e+01	
 9.3811e+01	
 9.3530e+01	
 9.3699e+01	
 9.4015e+01	
 9.4062e+01	
 9.4118e+01	
 9.4342e+01	
 9.4380e+01	
 9.4531e+01	
 9.4468e+01	
 9.4420e+01	
 9.4520e+01	
 9.4814e+01	
 9.4836e+01	
 9.4794e+01	
 9.4848e+01	
 9.4950e+01	
 9.5093e+01	
 9.5080e+01	
 9.5238e+01	
 9.5198e+01	
 9.5190e+01	
 9.5233e+01	
 9.5377e+01	
 9.5521e+01	
 9.5437e+01	
 9.5406e+01	
 9.5609e+01	
 9.5628e+01	
 9.5739e+01	
 9.5692e+01	
 9.5769e+01	
 9.5680e+01	
 9.5814e+01	
 9.5863e+01	
 9.5833e+01	
 9.5862e+01	
 9.5997e+01	
 9.6064e+01	
 9.6064e+01	
 9.6115e+01	
 9.6061e+01	
 9.6113e+01	
 9.6147e+01	
 9.6219e+01	
 9.6208e+01	
 9.6165e+01	
 9.6161e+01	
 9.6315e+01	
 9.6380e+01	
 9.6316e+01	
 9.6391e+01	
 9.6440e+01	
 9.6449e+01	
 9.6546e+01	
 9.6534e+01	
 9.6497e+01	
 9.6567e+01	
 9.6599e+01	
 9.6607e+01	
 9.6678e+01	
 9.6587e+01	
 9.6667e+01	
 9.6610e+01	
 9.6673e+01	
 9.6659e+01	
 9.6731e+01	
 9.6822e+01	
 9.6794e+01	
 9.6833e+01	
 9.6801e+01	
 9.6830e+01	
 9.6845e+01	
 9.6869e+01	
