% mean class accuracy (train set)	
 7.4440e+01	
 8.2964e+01	
 8.4248e+01	
 8.6518e+01	
 8.8885e+01	
 8.8189e+01	
 8.9063e+01	
 8.9784e+01	
 9.0810e+01	
 9.0267e+01	
 9.1473e+01	
 9.1217e+01	
 9.1800e+01	
 9.2158e+01	
 9.2245e+01	
 9.2122e+01	
 9.2532e+01	
 9.2738e+01	
 9.2601e+01	
 9.3336e+01	
 9.3429e+01	
 9.3191e+01	
 9.3615e+01	
 9.3646e+01	
 9.4045e+01	
 9.3777e+01	
 9.4132e+01	
 9.4044e+01	
 9.4407e+01	
 9.4528e+01	
 9.4412e+01	
 9.4528e+01	
 9.4797e+01	
 9.4716e+01	
 9.4745e+01	
 9.5077e+01	
 9.5042e+01	
 9.5047e+01	
 9.5113e+01	
 9.5291e+01	
 9.5317e+01	
 9.5255e+01	
 9.5553e+01	
 9.5592e+01	
 9.5494e+01	
 9.5601e+01	
 9.5829e+01	
 9.5877e+01	
 9.5857e+01	
 9.5755e+01	
 9.5923e+01	
 9.5951e+01	
 9.6057e+01	
 9.6109e+01	
 9.5951e+01	
 9.6081e+01	
 9.6252e+01	
 9.6154e+01	
 9.6383e+01	
 9.6276e+01	
 9.6273e+01	
 9.6523e+01	
 9.6288e+01	
 9.6678e+01	
 9.6554e+01	
 9.6535e+01	
 9.6698e+01	
 9.6693e+01	
 9.6784e+01	
 9.6804e+01	
 9.6742e+01	
 9.6880e+01	
 9.6796e+01	
 9.6867e+01	
 9.6909e+01	
 9.6859e+01	
 9.6970e+01	
 9.6966e+01	
 9.7084e+01	
 9.7098e+01	
 9.7107e+01	
 9.7183e+01	
 9.7183e+01	
 9.7186e+01	
 9.7210e+01	
 9.7281e+01	
 9.7288e+01	
 9.7257e+01	
 9.7229e+01	
 9.7367e+01	
 9.7389e+01	
 9.7357e+01	
 9.7368e+01	
 9.7410e+01	
 9.7465e+01	
 9.7535e+01	
 9.7475e+01	
 9.7513e+01	
 9.7521e+01	
 9.7545e+01	
