% mean class accuracy (train set)	
 8.2603e+01	
 9.1717e+01	
 9.4099e+01	
 9.2738e+01	
 9.5192e+01	
 9.3105e+01	
 9.5565e+01	
 9.5730e+01	
 9.3542e+01	
 9.5407e+01	
 9.6327e+01	
 9.6346e+01	
 9.6600e+01	
 9.6246e+01	
 9.6821e+01	
 9.6902e+01	
 9.6247e+01	
 9.6602e+01	
 9.6617e+01	
 9.6807e+01	
 9.7140e+01	
 9.7256e+01	
 9.6900e+01	
 9.7328e+01	
 9.7377e+01	
 9.7071e+01	
 9.7272e+01	
 9.7503e+01	
 9.7547e+01	
 9.7295e+01	
 9.7578e+01	
 9.7598e+01	
 9.7370e+01	
 9.7317e+01	
 9.7692e+01	
 9.7705e+01	
 9.7714e+01	
 9.7609e+01	
 9.7797e+01	
 9.7462e+01	
 9.7557e+01	
 9.7868e+01	
 9.7506e+01	
 9.7905e+01	
 9.7628e+01	
 9.7837e+01	
 9.7796e+01	
 9.7844e+01	
 9.7958e+01	
 9.7790e+01	
 9.7937e+01	
 9.7848e+01	
 9.7854e+01	
 9.8047e+01	
 9.7643e+01	
 9.7649e+01	
 9.7907e+01	
 9.7830e+01	
 9.7950e+01	
 9.8041e+01	
 9.7932e+01	
 9.8101e+01	
 9.7717e+01	
 9.8047e+01	
 9.8178e+01	
 9.8115e+01	
 9.8078e+01	
 9.8162e+01	
 9.8161e+01	
 9.8212e+01	
 9.8262e+01	
 9.8108e+01	
 9.8322e+01	
 9.8200e+01	
 9.8006e+01	
 9.8110e+01	
 9.8129e+01	
 9.8097e+01	
 9.8312e+01	
 9.8099e+01	
 9.8271e+01	
 9.8224e+01	
 9.8185e+01	
 9.8340e+01	
 9.8198e+01	
 9.8276e+01	
 9.8305e+01	
 9.8299e+01	
 9.8179e+01	
 9.8294e+01	
 9.8289e+01	
 9.8298e+01	
 9.8318e+01	
 9.8233e+01	
 9.8267e+01	
 9.8214e+01	
 9.8396e+01	
 9.8268e+01	
 9.8420e+01	
 9.8212e+01	
