% mean class accuracy (train set)	
 7.5688e+01	
 8.1611e+01	
 8.3208e+01	
 8.6964e+01	
 8.8288e+01	
 8.7622e+01	
 8.9748e+01	
 9.0368e+01	
 8.9828e+01	
 9.1030e+01	
 9.1256e+01	
 9.1642e+01	
 9.1674e+01	
 9.1479e+01	
 9.2172e+01	
 9.2235e+01	
 9.2532e+01	
 9.2841e+01	
 9.2835e+01	
 9.2788e+01	
 9.2863e+01	
 9.2971e+01	
 9.3351e+01	
 9.3424e+01	
 9.3581e+01	
 9.3480e+01	
 9.3815e+01	
 9.3429e+01	
 9.3815e+01	
 9.4093e+01	
 9.4113e+01	
 9.4050e+01	
 9.4344e+01	
 9.4376e+01	
 9.4443e+01	
 9.4484e+01	
 9.4548e+01	
 9.4699e+01	
 9.4753e+01	
 9.4893e+01	
 9.4795e+01	
 9.4957e+01	
 9.5036e+01	
 9.5127e+01	
 9.5149e+01	
 9.5269e+01	
 9.5202e+01	
 9.5232e+01	
 9.5106e+01	
 9.5438e+01	
 9.5519e+01	
 9.5547e+01	
 9.5430e+01	
 9.5674e+01	
 9.5654e+01	
 9.5727e+01	
 9.5695e+01	
 9.5802e+01	
 9.5867e+01	
 9.5858e+01	
 9.5884e+01	
 9.5870e+01	
 9.5941e+01	
 9.6049e+01	
 9.6018e+01	
 9.6076e+01	
 9.6084e+01	
 9.6133e+01	
 9.6180e+01	
 9.6198e+01	
 9.6243e+01	
 9.6233e+01	
 9.6207e+01	
 9.6209e+01	
 9.6364e+01	
 9.6375e+01	
 9.6295e+01	
 9.6414e+01	
 9.6481e+01	
 9.6542e+01	
 9.6519e+01	
 9.6542e+01	
 9.6566e+01	
 9.6581e+01	
 9.6581e+01	
 9.6622e+01	
 9.6670e+01	
 9.6676e+01	
 9.6679e+01	
 9.6684e+01	
 9.6732e+01	
 9.6699e+01	
 9.6747e+01	
 9.6785e+01	
 9.6795e+01	
 9.6868e+01	
 9.6833e+01	
 9.6881e+01	
 9.6847e+01	
 9.6932e+01	
