% mean class accuracy (train set)	
 8.1805e+01	
 8.8780e+01	
 9.1052e+01	
 9.2331e+01	
 9.3297e+01	
 9.4005e+01	
 9.4504e+01	
 9.4962e+01	
 9.5298e+01	
 9.5582e+01	
 9.5791e+01	
 9.5984e+01	
 9.6142e+01	
 9.6260e+01	
 9.6427e+01	
 9.6538e+01	
 9.6643e+01	
 9.6712e+01	
 9.6801e+01	
 9.6865e+01	
 9.6936e+01	
 9.7001e+01	
 9.7053e+01	
 9.7104e+01	
 9.7145e+01	
 9.7196e+01	
 9.7233e+01	
 9.7270e+01	
 9.7305e+01	
 9.7339e+01	
 9.7379e+01	
 9.7405e+01	
 9.7422e+01	
 9.7463e+01	
 9.7496e+01	
 9.7523e+01	
 9.7532e+01	
 9.7557e+01	
 9.7592e+01	
 9.7596e+01	
 9.7617e+01	
 9.7637e+01	
 9.7659e+01	
 9.7679e+01	
 9.7712e+01	
 9.7712e+01	
 9.7719e+01	
 9.7732e+01	
 9.7739e+01	
 9.7770e+01	
 9.7771e+01	
 9.7791e+01	
 9.7798e+01	
 9.7811e+01	
 9.7832e+01	
 9.7849e+01	
 9.7851e+01	
 9.7857e+01	
 9.7868e+01	
 9.7874e+01	
 9.7900e+01	
 9.7904e+01	
 9.7892e+01	
 9.7921e+01	
 9.7920e+01	
 9.7940e+01	
 9.7940e+01	
 9.7951e+01	
 9.7965e+01	
 9.7960e+01	
 9.7975e+01	
 9.7987e+01	
 9.7979e+01	
 9.7997e+01	
 9.8003e+01	
 9.8011e+01	
 9.8017e+01	
 9.8018e+01	
 9.8025e+01	
 9.8033e+01	
 9.8045e+01	
 9.8042e+01	
 9.8049e+01	
 9.8047e+01	
 9.8065e+01	
 9.8068e+01	
 9.8078e+01	
 9.8085e+01	
 9.8086e+01	
 9.8088e+01	
 9.8094e+01	
 9.8102e+01	
 9.8097e+01	
 9.8122e+01	
 9.8112e+01	
 9.8112e+01	
 9.8132e+01	
 9.8139e+01	
 9.8130e+01	
 9.8139e+01	
