% mean class accuracy (train set)	
 4.7956e+01	
 4.1012e+01	
 7.3110e+01	
 8.5697e+01	
 8.8741e+01	
 8.9917e+01	
 9.0454e+01	
 9.0926e+01	
 9.1238e+01	
 9.1543e+01	
 9.1784e+01	
 9.1928e+01	
 9.2115e+01	
 9.2175e+01	
 9.2306e+01	
 9.2385e+01	
 9.2465e+01	
 9.2530e+01	
 9.2642e+01	
 9.2677e+01	
 9.2755e+01	
 9.2866e+01	
 9.2877e+01	
 9.2947e+01	
 9.3030e+01	
 9.3068e+01	
 9.3132e+01	
 9.3227e+01	
 9.3227e+01	
 9.3327e+01	
 9.3385e+01	
 9.3468e+01	
 9.3529e+01	
 9.3585e+01	
 9.3698e+01	
 9.3718e+01	
 9.3792e+01	
 9.3872e+01	
 9.3949e+01	
 9.3944e+01	
 9.4096e+01	
 9.4158e+01	
 9.4097e+01	
 9.4208e+01	
 9.4278e+01	
 9.4390e+01	
 9.4418e+01	
 9.4395e+01	
 9.4593e+01	
 9.4504e+01	
 9.4636e+01	
 9.4675e+01	
 9.4698e+01	
 9.4804e+01	
 9.4807e+01	
 9.4882e+01	
 9.4885e+01	
 9.4899e+01	
 9.4920e+01	
 9.4959e+01	
 9.5013e+01	
 9.4990e+01	
 9.5071e+01	
 9.5037e+01	
 9.5114e+01	
 9.5074e+01	
 9.5070e+01	
 9.5232e+01	
 9.5074e+01	
 9.5169e+01	
 9.5317e+01	
 9.5131e+01	
 9.5219e+01	
 9.5253e+01	
 9.5248e+01	
 9.5318e+01	
 9.5240e+01	
 9.5364e+01	
 9.5376e+01	
 9.5298e+01	
 9.5283e+01	
 9.5356e+01	
 9.5283e+01	
 9.5462e+01	
 9.5294e+01	
 9.5398e+01	
 9.5484e+01	
 9.5377e+01	
 9.5542e+01	
 9.5478e+01	
 9.5559e+01	
 9.5551e+01	
 9.5452e+01	
 9.5529e+01	
 9.5602e+01	
 9.5516e+01	
 9.5509e+01	
 9.5586e+01	
 9.5566e+01	
 9.5583e+01	
