% mean class accuracy (train set)	
 5.3427e+01	
 3.7282e+01	
 5.8459e+01	
 8.1594e+01	
 8.8159e+01	
 9.0039e+01	
 9.0861e+01	
 9.1391e+01	
 9.1713e+01	
 9.2061e+01	
 9.2330e+01	
 9.2480e+01	
 9.2657e+01	
 9.2749e+01	
 9.2965e+01	
 9.2996e+01	
 9.3080e+01	
 9.3197e+01	
 9.3266e+01	
 9.3398e+01	
 9.3507e+01	
 9.3556e+01	
 9.3667e+01	
 9.3721e+01	
 9.3800e+01	
 9.3899e+01	
 9.3994e+01	
 9.4099e+01	
 9.4233e+01	
 9.4225e+01	
 9.4327e+01	
 9.4410e+01	
 9.4348e+01	
 9.4548e+01	
 9.4510e+01	
 9.4601e+01	
 9.4573e+01	
 9.4765e+01	
 9.4678e+01	
 9.4698e+01	
 9.4703e+01	
 9.4858e+01	
 9.4834e+01	
 9.4958e+01	
 9.4963e+01	
 9.5016e+01	
 9.4936e+01	
 9.5071e+01	
 9.5053e+01	
 9.4986e+01	
 9.5124e+01	
 9.5213e+01	
 9.5190e+01	
 9.5245e+01	
 9.5165e+01	
 9.5269e+01	
 9.5221e+01	
 9.5325e+01	
 9.5335e+01	
 9.5389e+01	
 9.5313e+01	
 9.5440e+01	
 9.5298e+01	
 9.5495e+01	
 9.5346e+01	
 9.5478e+01	
 9.5365e+01	
 9.5509e+01	
 9.5547e+01	
 9.5417e+01	
 9.5462e+01	
 9.5375e+01	
 9.5499e+01	
 9.5610e+01	
 9.5598e+01	
 9.5574e+01	
 9.5611e+01	
 9.5523e+01	
 9.5471e+01	
 9.5630e+01	
 9.5531e+01	
 9.5527e+01	
 9.5608e+01	
 9.5648e+01	
 9.5700e+01	
 9.5549e+01	
 9.5656e+01	
 9.5664e+01	
 9.5690e+01	
 9.5682e+01	
 9.5869e+01	
 9.5788e+01	
 9.5751e+01	
 9.5717e+01	
 9.5870e+01	
 9.5756e+01	
 9.5716e+01	
 9.5869e+01	
 9.5724e+01	
 9.5686e+01	
