% mean class accuracy (train set)	
 8.7879e+01	
 9.4424e+01	
 9.4726e+01	
 9.4107e+01	
 9.5274e+01	
 9.5685e+01	
 9.6125e+01	
 9.6275e+01	
 9.5968e+01	
 9.5960e+01	
 9.6290e+01	
 9.6867e+01	
 9.6595e+01	
 9.7004e+01	
 9.7202e+01	
 9.7313e+01	
 9.7103e+01	
 9.7258e+01	
 9.7524e+01	
 9.7269e+01	
 9.7577e+01	
 9.7625e+01	
 9.7534e+01	
 9.7585e+01	
 9.7590e+01	
 9.7608e+01	
 9.7669e+01	
 9.7725e+01	
 9.7801e+01	
 9.7728e+01	
 9.7805e+01	
 9.7794e+01	
 9.7798e+01	
 9.7790e+01	
 9.7841e+01	
 9.7872e+01	
 9.7775e+01	
 9.7904e+01	
 9.7940e+01	
 9.7765e+01	
 9.8032e+01	
 9.7984e+01	
 9.7858e+01	
 9.7945e+01	
 9.8013e+01	
 9.7981e+01	
 9.8011e+01	
 9.8067e+01	
 9.8105e+01	
 9.8166e+01	
 9.8114e+01	
 9.8173e+01	
 9.8061e+01	
 9.8284e+01	
 9.7853e+01	
 9.8160e+01	
 9.8212e+01	
 9.8219e+01	
 9.8197e+01	
 9.8277e+01	
 9.8207e+01	
 9.8215e+01	
 9.8218e+01	
 9.8227e+01	
 9.8257e+01	
 9.8214e+01	
 9.8312e+01	
 9.8345e+01	
 9.8293e+01	
 9.8318e+01	
 9.8383e+01	
 9.8338e+01	
 9.8453e+01	
 9.8383e+01	
 9.8320e+01	
 9.8413e+01	
 9.8354e+01	
 9.8411e+01	
 9.8487e+01	
 9.8381e+01	
 9.8383e+01	
 9.8433e+01	
 9.8458e+01	
 9.8392e+01	
 9.8456e+01	
 9.8413e+01	
 9.8403e+01	
 9.8518e+01	
 9.8520e+01	
 9.8463e+01	
 9.8471e+01	
 9.8534e+01	
 9.8519e+01	
 9.8479e+01	
 9.8549e+01	
 9.8467e+01	
 9.8547e+01	
 9.8554e+01	
 9.8574e+01	
 9.8409e+01	
