% mean class accuracy (train set)	
 6.9579e+01	
 7.7536e+01	
 8.3035e+01	
 8.3751e+01	
 8.1553e+01	
 8.5617e+01	
 8.3683e+01	
 8.6172e+01	
 8.7731e+01	
 8.8777e+01	
 8.8366e+01	
 8.7637e+01	
 8.9635e+01	
 8.9330e+01	
 9.0261e+01	
 8.9982e+01	
 9.0613e+01	
 9.0742e+01	
 9.0852e+01	
 9.0999e+01	
 9.0570e+01	
 9.0854e+01	
 9.1509e+01	
 9.1510e+01	
 9.1512e+01	
 9.1689e+01	
 9.1646e+01	
 9.1790e+01	
 9.2181e+01	
 9.2338e+01	
 9.2515e+01	
 9.2518e+01	
 9.2299e+01	
 9.2688e+01	
 9.2530e+01	
 9.2873e+01	
 8.3208e+01	
 7.8449e+01	
 8.3673e+01	
 8.4228e+01	
 8.6616e+01	
 8.8148e+01	
 8.8836e+01	
 8.8889e+01	
 8.9353e+01	
 9.0140e+01	
 8.9842e+01	
 9.0933e+01	
 9.1006e+01	
 9.1352e+01	
 9.1431e+01	
 9.1508e+01	
 9.1759e+01	
 9.1854e+01	
 9.2012e+01	
 9.1760e+01	
 9.2026e+01	
 9.2290e+01	
 9.1843e+01	
 9.2208e+01	
 9.2070e+01	
 9.2570e+01	
 9.2718e+01	
 9.2770e+01	
 9.2734e+01	
 9.2833e+01	
 9.2775e+01	
 9.3022e+01	
 9.2590e+01	
 9.3186e+01	
 9.3061e+01	
 9.3156e+01	
 9.3316e+01	
 9.3222e+01	
 9.3292e+01	
 9.3194e+01	
 9.3062e+01	
 9.3218e+01	
 9.3522e+01	
 9.3449e+01	
 9.3495e+01	
 9.3826e+01	
 9.3774e+01	
 9.3593e+01	
 9.3732e+01	
 9.3642e+01	
 9.3899e+01	
 9.3757e+01	
 9.3584e+01	
 9.4036e+01	
 9.3930e+01	
 9.3742e+01	
 9.3970e+01	
 9.4197e+01	
 9.4103e+01	
 9.4055e+01	
 9.4180e+01	
 9.4114e+01	
 9.4259e+01	
 9.4300e+01	
