% mean class accuracy (train set)	
 5.7195e+01	
 8.1011e+01	
 6.0797e+01	
 8.0343e+01	
 8.8257e+01	
 9.0189e+01	
 9.1045e+01	
 9.1619e+01	
 9.1950e+01	
 9.2218e+01	
 9.2410e+01	
 9.2587e+01	
 9.2701e+01	
 9.2859e+01	
 9.2920e+01	
 9.3025e+01	
 9.3127e+01	
 9.3163e+01	
 9.3276e+01	
 9.3313e+01	
 9.3450e+01	
 9.3523e+01	
 9.3597e+01	
 9.3703e+01	
 9.3744e+01	
 9.3802e+01	
 9.3950e+01	
 9.4007e+01	
 9.4074e+01	
 9.4124e+01	
 9.4221e+01	
 9.4280e+01	
 9.4291e+01	
 9.4375e+01	
 9.4368e+01	
 9.4386e+01	
 9.4554e+01	
 9.4586e+01	
 9.4699e+01	
 9.4686e+01	
 9.4741e+01	
 9.4766e+01	
 9.4831e+01	
 9.4833e+01	
 9.4951e+01	
 9.4891e+01	
 9.4975e+01	
 9.4916e+01	
 9.5022e+01	
 9.4995e+01	
 9.5083e+01	
 9.5085e+01	
 9.5174e+01	
 9.5114e+01	
 9.5243e+01	
 9.5153e+01	
 9.5288e+01	
 9.5268e+01	
 9.5312e+01	
 9.5249e+01	
 9.5355e+01	
 9.5289e+01	
 9.5324e+01	
 9.5420e+01	
 9.5407e+01	
 9.5363e+01	
 9.5460e+01	
 9.5440e+01	
 9.5515e+01	
 9.5493e+01	
 9.5475e+01	
 9.5473e+01	
 9.5559e+01	
 9.5596e+01	
 9.5499e+01	
 9.5553e+01	
 9.5520e+01	
 9.5593e+01	
 9.5641e+01	
 9.5617e+01	
 9.5538e+01	
 9.5704e+01	
 9.5574e+01	
 9.5678e+01	
 9.5648e+01	
 9.5665e+01	
 9.5723e+01	
 9.5780e+01	
 9.5640e+01	
 9.5728e+01	
 9.5670e+01	
 9.5836e+01	
 9.5819e+01	
 9.5741e+01	
 9.5738e+01	
 9.5821e+01	
 9.5813e+01	
 9.5790e+01	
 9.5839e+01	
 9.5597e+01	
