% mean class accuracy (train set)	
 7.5223e+01	
 8.0453e+01	
 8.5399e+01	
 8.4630e+01	
 8.7990e+01	
 8.7850e+01	
 8.9668e+01	
 8.9536e+01	
 8.9612e+01	
 9.0402e+01	
 9.0482e+01	
 9.1016e+01	
 9.0950e+01	
 9.1764e+01	
 9.1684e+01	
 9.1733e+01	
 9.1874e+01	
 9.2299e+01	
 9.2531e+01	
 9.2207e+01	
 9.2552e+01	
 9.2755e+01	
 9.2950e+01	
 9.3000e+01	
 9.2879e+01	
 9.2938e+01	
 9.3278e+01	
 9.3273e+01	
 9.3584e+01	
 9.3733e+01	
 9.3596e+01	
 9.3667e+01	
 9.3802e+01	
 9.4021e+01	
 9.3756e+01	
 9.4075e+01	
 9.3891e+01	
 9.4037e+01	
 9.4334e+01	
 9.4322e+01	
 9.4312e+01	
 9.4389e+01	
 9.4399e+01	
 9.4466e+01	
 9.4588e+01	
 9.4577e+01	
 9.4713e+01	
 9.4746e+01	
 9.4712e+01	
 9.4673e+01	
 9.4810e+01	
 9.4833e+01	
 9.4729e+01	
 9.4827e+01	
 9.4921e+01	
 9.5041e+01	
 9.5127e+01	
 9.5129e+01	
 9.5110e+01	
 9.5070e+01	
 9.5041e+01	
 9.5188e+01	
 9.5186e+01	
 9.5254e+01	
 9.5418e+01	
 9.5302e+01	
 9.5356e+01	
 9.5348e+01	
 9.5489e+01	
 9.5532e+01	
 9.5562e+01	
 9.5436e+01	
 9.5545e+01	
 9.5658e+01	
 9.5492e+01	
 9.5690e+01	
 9.5661e+01	
 9.5644e+01	
 9.5643e+01	
 9.5754e+01	
 9.5795e+01	
 9.5668e+01	
 9.5786e+01	
 9.5881e+01	
 9.5818e+01	
 9.5862e+01	
 9.5904e+01	
 9.5922e+01	
 9.5941e+01	
 9.5990e+01	
 9.5969e+01	
 9.5982e+01	
 9.6032e+01	
 9.6061e+01	
 9.6071e+01	
 9.6058e+01	
 9.6097e+01	
 9.6114e+01	
 9.6123e+01	
 9.6143e+01	
