% mean class accuracy (train set)	
 4.9822e+01	
 4.0257e+01	
 6.9583e+01	
 8.4309e+01	
 8.8052e+01	
 8.9436e+01	
 9.0008e+01	
 9.0506e+01	
 9.0828e+01	
 9.1200e+01	
 9.1418e+01	
 9.1655e+01	
 9.1897e+01	
 9.2099e+01	
 9.2291e+01	
 9.2450e+01	
 9.2572e+01	
 9.2708e+01	
 9.2889e+01	
 9.2957e+01	
 9.3091e+01	
 9.3232e+01	
 9.3280e+01	
 9.3478e+01	
 9.3573e+01	
 9.3635e+01	
 9.3789e+01	
 9.3899e+01	
 9.3993e+01	
 9.4053e+01	
 9.4152e+01	
 9.4229e+01	
 9.4222e+01	
 9.4267e+01	
 9.4345e+01	
 9.4329e+01	
 9.4357e+01	
 9.4451e+01	
 9.4538e+01	
 9.4493e+01	
 9.4582e+01	
 9.4599e+01	
 9.4558e+01	
 9.4640e+01	
 9.4696e+01	
 9.4710e+01	
 9.4680e+01	
 9.4685e+01	
 9.4745e+01	
 9.4764e+01	
 9.4824e+01	
 9.4818e+01	
 9.4854e+01	
 9.4910e+01	
 9.4947e+01	
 9.4923e+01	
 9.4925e+01	
 9.4974e+01	
 9.5035e+01	
 9.5025e+01	
 9.5052e+01	
 9.4994e+01	
 9.5061e+01	
 9.5099e+01	
 9.5055e+01	
 9.5184e+01	
 9.5153e+01	
 9.5093e+01	
 9.5209e+01	
 9.5244e+01	
 9.5159e+01	
 9.5182e+01	
 9.5371e+01	
 9.5374e+01	
 9.5237e+01	
 9.5278e+01	
 9.5459e+01	
 9.5321e+01	
 9.5352e+01	
 9.5541e+01	
 9.5435e+01	
 9.5362e+01	
 9.5296e+01	
 9.5548e+01	
 9.5423e+01	
 9.5603e+01	
 9.5376e+01	
 9.5416e+01	
 9.5477e+01	
 9.5493e+01	
 9.5548e+01	
 9.5513e+01	
 9.5616e+01	
 9.5498e+01	
 9.5513e+01	
 9.5511e+01	
 9.5540e+01	
 9.5549e+01	
 9.5548e+01	
 9.5593e+01	
