% mean class accuracy (train set)	
 6.2457e+01	
 6.8278e+01	
 7.6603e+01	
 8.0154e+01	
 7.8545e+01	
 8.4038e+01	
 8.3886e+01	
 8.3547e+01	
 8.5337e+01	
 8.2630e+01	
 8.6259e+01	
 8.4648e+01	
 8.6779e+01	
 8.7213e+01	
 8.5533e+01	
 8.7918e+01	
 8.7682e+01	
 8.9329e+01	
 8.8085e+01	
 8.8714e+01	
 8.9633e+01	
 8.0978e+01	
 8.9854e+01	
 9.0230e+01	
 9.0290e+01	
 9.0756e+01	
 9.0626e+01	
 9.0776e+01	
 8.5343e+01	
 6.6064e+01	
 6.6183e+01	
 7.2020e+01	
 7.6149e+01	
 7.5600e+01	
 7.7374e+01	
 8.1656e+01	
 7.8630e+01	
 8.2560e+01	
 8.0852e+01	
 8.2891e+01	
 8.3528e+01	
 8.4864e+01	
 8.4459e+01	
 8.4548e+01	
 8.6189e+01	
 8.6118e+01	
 8.6362e+01	
 8.7314e+01	
 8.7184e+01	
 8.7485e+01	
