% mean class accuracy (train set)	
 6.3833e+01	
 4.1825e+01	
 4.0261e+01	
 4.0018e+01	
 3.9944e+01	
 3.9908e+01	
 3.9902e+01	
 3.9882e+01	
 3.9881e+01	
 3.9863e+01	
 3.9856e+01	
 3.9868e+01	
 3.9856e+01	
 3.9861e+01	
 3.9861e+01	
 3.9851e+01	
 3.9870e+01	
 3.9857e+01	
 3.9852e+01	
 3.9856e+01	
 3.9841e+01	
 3.9869e+01	
 3.9850e+01	
 3.9848e+01	
 3.9838e+01	
 3.9849e+01	
 3.9861e+01	
 3.9865e+01	
 3.9841e+01	
 3.9851e+01	
 3.9853e+01	
 3.9859e+01	
 3.9843e+01	
 3.9851e+01	
 3.9847e+01	
 3.9852e+01	
 3.9839e+01	
 3.9838e+01	
 3.9847e+01	
 3.9851e+01	
 3.9854e+01	
 3.9851e+01	
 3.9850e+01	
 3.9854e+01	
 3.9843e+01	
 3.9852e+01	
 3.9852e+01	
 3.9851e+01	
 3.9859e+01	
 3.9842e+01	
 3.9852e+01	
 3.9842e+01	
 3.9841e+01	
 3.9831e+01	
 3.9840e+01	
 3.9847e+01	
 3.9851e+01	
 3.9849e+01	
 3.9857e+01	
 3.9846e+01	
 3.9859e+01	
 3.9853e+01	
 3.9836e+01	
 3.9842e+01	
 3.9840e+01	
 3.9858e+01	
 3.9844e+01	
 3.9857e+01	
 3.9854e+01	
 3.9854e+01	
 3.9844e+01	
 3.9850e+01	
 3.9848e+01	
 3.9859e+01	
 3.9860e+01	
 3.9838e+01	
 3.9860e+01	
 3.9843e+01	
 3.9833e+01	
 3.9852e+01	
 3.9834e+01	
 3.9842e+01	
 3.9855e+01	
 3.9855e+01	
 3.9848e+01	
 3.9848e+01	
 3.9852e+01	
 3.9859e+01	
 3.9842e+01	
 3.9843e+01	
 3.9847e+01	
 3.9836e+01	
 3.9851e+01	
 3.9845e+01	
 3.9844e+01	
 3.9861e+01	
 3.9842e+01	
 3.9829e+01	
 3.9848e+01	
 3.9850e+01	
