% mean class accuracy (train set)	
 5.0706e+01	
 5.3268e+01	
 8.2053e+01	
 9.0001e+01	
 9.1535e+01	
 9.2039e+01	
 9.2384e+01	
 9.2694e+01	
 9.2858e+01	
 9.3061e+01	
 9.3097e+01	
 9.3266e+01	
 9.3331e+01	
 9.3436e+01	
 9.3560e+01	
 9.3749e+01	
 9.3778e+01	
 9.3845e+01	
 9.3950e+01	
 9.4032e+01	
 9.4146e+01	
 9.4192e+01	
 9.4275e+01	
 9.4360e+01	
 9.4371e+01	
 9.4511e+01	
 9.4617e+01	
 9.4619e+01	
 9.4657e+01	
 9.4722e+01	
 9.4748e+01	
 9.4776e+01	
 9.4794e+01	
 9.4917e+01	
 9.4978e+01	
 9.4982e+01	
 9.4940e+01	
 9.5040e+01	
 9.5128e+01	
 9.5069e+01	
 9.5117e+01	
 9.5170e+01	
 9.5296e+01	
 9.5189e+01	
 9.5325e+01	
 9.5269e+01	
 9.5267e+01	
 9.5280e+01	
 9.5286e+01	
 9.5342e+01	
 9.5414e+01	
 9.5407e+01	
 9.5446e+01	
 9.5502e+01	
 9.5341e+01	
 9.5542e+01	
 9.5534e+01	
 9.5484e+01	
 9.5429e+01	
 9.5353e+01	
 9.5593e+01	
 9.5624e+01	
 9.5549e+01	
 9.5552e+01	
 9.5606e+01	
 9.5615e+01	
 9.5498e+01	
 9.5818e+01	
 9.5597e+01	
 9.5618e+01	
 9.5491e+01	
 9.5757e+01	
 9.5626e+01	
 9.5605e+01	
 9.5661e+01	
 9.5602e+01	
 9.5654e+01	
 9.5784e+01	
 9.5768e+01	
 9.5823e+01	
 9.5714e+01	
 9.5781e+01	
 9.5725e+01	
 9.5852e+01	
 9.5893e+01	
 9.5691e+01	
 9.5858e+01	
 9.5697e+01	
 9.5886e+01	
 9.5811e+01	
 9.5784e+01	
 9.5849e+01	
 9.5831e+01	
 9.5959e+01	
 9.5889e+01	
 9.6053e+01	
 9.5930e+01	
 9.5850e+01	
 9.5979e+01	
 9.5918e+01	
