% mean class accuracy (train set)	
 5.7242e+01	
 8.1024e+01	
 6.0795e+01	
 8.0382e+01	
 8.8268e+01	
 9.0186e+01	
 9.1046e+01	
 9.1574e+01	
 9.1947e+01	
 9.2169e+01	
 9.2428e+01	
 9.2581e+01	
 9.2728e+01	
 9.2866e+01	
 9.2948e+01	
 9.3038e+01	
 9.3134e+01	
 9.3175e+01	
 9.3277e+01	
 9.3337e+01	
 9.3432e+01	
 9.3530e+01	
 9.3620e+01	
 9.3699e+01	
 9.3742e+01	
 9.3820e+01	
 9.3962e+01	
 9.4016e+01	
 9.4124e+01	
 9.4113e+01	
 9.4215e+01	
 9.4277e+01	
 9.4326e+01	
 9.4377e+01	
 9.4388e+01	
 9.4401e+01	
 9.4579e+01	
 9.4597e+01	
 9.4741e+01	
 9.4682e+01	
 9.4719e+01	
 9.4768e+01	
 9.4841e+01	
 9.4811e+01	
 9.4935e+01	
 9.4863e+01	
 9.4994e+01	
 9.4932e+01	
 9.5026e+01	
 9.5004e+01	
 9.5047e+01	
 9.5104e+01	
 9.5166e+01	
 9.5144e+01	
 9.5227e+01	
 9.5180e+01	
 9.5260e+01	
 9.5301e+01	
 9.5325e+01	
 9.5247e+01	
 9.5336e+01	
 9.5289e+01	
 9.5306e+01	
 9.5396e+01	
 9.5355e+01	
 9.5394e+01	
 9.5478e+01	
 9.5381e+01	
 9.5446e+01	
 9.5462e+01	
 9.5499e+01	
 9.5467e+01	
 9.5529e+01	
 9.5603e+01	
 9.5507e+01	
 9.5535e+01	
 9.5502e+01	
 9.5587e+01	
 9.5655e+01	
 9.5654e+01	
 9.5564e+01	
 9.5681e+01	
 9.5610e+01	
 9.5666e+01	
 9.5637e+01	
 9.5684e+01	
 9.5750e+01	
 9.5756e+01	
 9.5660e+01	
 9.5753e+01	
 9.5604e+01	
 9.5864e+01	
 9.5788e+01	
 9.5708e+01	
 9.5726e+01	
 9.5785e+01	
 9.5778e+01	
 9.5831e+01	
 9.5891e+01	
 9.5632e+01	
