% mean class accuracy (train set)	
 7.5858e+01	
 8.3300e+01	
 8.3393e+01	
 8.7141e+01	
 8.8460e+01	
 8.7817e+01	
 8.9784e+01	
 8.9978e+01	
 9.0660e+01	
 9.0171e+01	
 9.0638e+01	
 9.1642e+01	
 9.1316e+01	
 9.1870e+01	
 9.2194e+01	
 9.2256e+01	
 9.2288e+01	
 9.2808e+01	
 9.2895e+01	
 9.2779e+01	
 9.3100e+01	
 9.3078e+01	
 9.3399e+01	
 9.3489e+01	
 9.3520e+01	
 9.3384e+01	
 9.3915e+01	
 9.3565e+01	
 9.3755e+01	
 9.4048e+01	
 9.3982e+01	
 9.4037e+01	
 9.4426e+01	
 9.4437e+01	
 9.4489e+01	
 9.4447e+01	
 9.4545e+01	
 9.4670e+01	
 9.4870e+01	
 9.4902e+01	
 9.4883e+01	
 9.4891e+01	
 9.5003e+01	
 9.5129e+01	
 9.5072e+01	
 9.5254e+01	
 9.5297e+01	
 9.5240e+01	
 9.5272e+01	
 9.5368e+01	
 9.5606e+01	
 9.5512e+01	
 9.5564e+01	
 9.5720e+01	
 9.5683e+01	
 9.5790e+01	
 9.5736e+01	
 9.5771e+01	
 9.5751e+01	
 9.5831e+01	
 9.5928e+01	
 9.5858e+01	
 9.5989e+01	
 9.5981e+01	
 9.6096e+01	
 9.6100e+01	
 9.6126e+01	
 9.6157e+01	
 9.6223e+01	
 9.6234e+01	
 9.6242e+01	
 9.6240e+01	
 9.6319e+01	
 9.6271e+01	
 9.6404e+01	
 9.6421e+01	
 9.6375e+01	
 9.6424e+01	
 9.6506e+01	
 9.6527e+01	
 9.6549e+01	
 9.6541e+01	
 9.6571e+01	
 9.6591e+01	
 9.6601e+01	
 9.6670e+01	
 9.6693e+01	
 9.6707e+01	
 9.6756e+01	
 9.6741e+01	
 9.6766e+01	
 9.6759e+01	
 9.6751e+01	
 9.6846e+01	
 9.6846e+01	
 9.6908e+01	
 9.6867e+01	
 9.6874e+01	
 9.6878e+01	
 9.6953e+01	
