% mean class accuracy (train set)	
 8.4602e+01	
 9.3965e+01	
 9.5099e+01	
 9.5487e+01	
 9.5633e+01	
 9.5257e+01	
 9.6202e+01	
 9.6184e+01	
 9.6093e+01	
 9.6117e+01	
 9.6494e+01	
 9.6648e+01	
 9.6301e+01	
 9.6955e+01	
 9.7049e+01	
 9.7206e+01	
 9.6897e+01	
 9.7228e+01	
 9.7265e+01	
 9.7396e+01	
 9.7353e+01	
 9.7534e+01	
 9.7314e+01	
 9.7490e+01	
 9.7203e+01	
 9.7427e+01	
 9.7524e+01	
 9.7623e+01	
 9.7634e+01	
 9.7564e+01	
 9.7724e+01	
 9.7741e+01	
 9.7698e+01	
 9.7633e+01	
 9.7740e+01	
 9.7540e+01	
 9.7372e+01	
 9.7720e+01	
 9.7824e+01	
 9.7246e+01	
 9.7855e+01	
 9.7717e+01	
 9.7918e+01	
 9.7849e+01	
 9.7955e+01	
 9.7735e+01	
 9.7598e+01	
 9.7924e+01	
 9.8038e+01	
 9.7915e+01	
 9.7869e+01	
 9.7955e+01	
 9.7911e+01	
 9.8026e+01	
 9.7901e+01	
 9.7935e+01	
 9.8032e+01	
 9.8044e+01	
 9.8023e+01	
 9.8075e+01	
 9.8025e+01	
 9.7986e+01	
 9.7960e+01	
 9.8050e+01	
 9.8052e+01	
 9.7983e+01	
 9.8056e+01	
 9.8007e+01	
 9.8086e+01	
 9.8112e+01	
 9.8181e+01	
 9.8143e+01	
 9.8331e+01	
 9.8242e+01	
 9.8086e+01	
 9.8145e+01	
 9.8031e+01	
 9.8241e+01	
 9.8309e+01	
 9.8242e+01	
 9.8101e+01	
 9.8165e+01	
 9.8224e+01	
 9.8170e+01	
 9.8276e+01	
 9.8238e+01	
 9.8223e+01	
 9.8269e+01	
 9.8324e+01	
 9.8239e+01	
 9.8294e+01	
 9.8277e+01	
 9.8206e+01	
 9.8319e+01	
 9.8381e+01	
 9.8241e+01	
 9.8366e+01	
 9.8329e+01	
 9.8353e+01	
 9.8209e+01	
