% mean class accuracy (train set)	
 7.3977e+01	
 8.2411e+01	
 8.4711e+01	
 8.5636e+01	
 8.6565e+01	
 8.7278e+01	
 8.7340e+01	
 8.8176e+01	
 8.9072e+01	
 8.8865e+01	
 8.9333e+01	
 8.9271e+01	
 8.9772e+01	
 8.9649e+01	
 8.9902e+01	
 9.0149e+01	
 9.0307e+01	
 9.0261e+01	
 9.0520e+01	
 9.0744e+01	
 9.0732e+01	
 9.0791e+01	
 9.1038e+01	
 9.1020e+01	
 9.1038e+01	
 9.1239e+01	
 9.1463e+01	
 9.1468e+01	
 9.1505e+01	
 9.1759e+01	
 9.1830e+01	
 9.2089e+01	
 9.2231e+01	
 9.2127e+01	
 9.2099e+01	
 9.2311e+01	
 9.2323e+01	
 9.2369e+01	
 9.2544e+01	
 9.2540e+01	
 9.2693e+01	
 9.2690e+01	
 9.2680e+01	
 9.2845e+01	
 9.2862e+01	
 9.2968e+01	
 9.3024e+01	
 9.3200e+01	
 9.3187e+01	
 9.3249e+01	
 9.3247e+01	
 9.3161e+01	
 9.3460e+01	
 9.3397e+01	
 9.3515e+01	
 9.3504e+01	
 9.3590e+01	
 9.3662e+01	
 9.3668e+01	
 9.3607e+01	
 9.3807e+01	
 9.3828e+01	
 9.3904e+01	
 9.3989e+01	
 9.3984e+01	
 9.4085e+01	
 9.4086e+01	
 9.4022e+01	
 9.4205e+01	
 9.4140e+01	
 9.4226e+01	
 9.4218e+01	
 9.4337e+01	
 9.4404e+01	
 9.4345e+01	
 9.4446e+01	
 9.4466e+01	
 9.4490e+01	
 9.4495e+01	
 9.4611e+01	
 9.4576e+01	
 9.4624e+01	
 9.4662e+01	
 9.4724e+01	
 9.4769e+01	
 9.4737e+01	
 9.4850e+01	
 9.4825e+01	
 9.4877e+01	
 9.4988e+01	
 9.4920e+01	
 9.4933e+01	
 9.5024e+01	
 9.5032e+01	
 9.4927e+01	
 9.5034e+01	
 9.5043e+01	
 9.5066e+01	
 9.5167e+01	
 9.5170e+01	
