% mean class accuracy (train set)	
 5.0227e+01	
 3.3927e+01	
 3.4555e+01	
 5.5781e+01	
 6.0922e+01	
 6.3772e+01	
 6.6489e+01	
 7.0226e+01	
 7.5056e+01	
 7.5877e+01	
 6.6915e+01	
 7.7451e+01	
 8.7738e+01	
 8.9545e+01	
 9.0074e+01	
 9.0373e+01	
 9.0629e+01	
 9.0871e+01	
 9.1039e+01	
 9.1302e+01	
 9.1529e+01	
 9.1907e+01	
 9.2312e+01	
 9.2530e+01	
 9.2859e+01	
 9.3196e+01	
 9.3487e+01	
 9.2609e+01	
 9.4197e+01	
 9.3709e+01	
 9.4532e+01	
 9.3404e+01	
 9.4764e+01	
 9.4200e+01	
 9.4532e+01	
 9.3977e+01	
 9.3925e+01	
 9.4758e+01	
 9.4963e+01	
 9.5054e+01	
 9.4741e+01	
 9.4935e+01	
 9.5247e+01	
 9.4977e+01	
 9.4967e+01	
 9.4914e+01	
 9.3663e+01	
 9.4919e+01	
 9.4347e+01	
 9.5351e+01	
 9.4805e+01	
 9.4730e+01	
 9.4952e+01	
 9.5093e+01	
 9.4715e+01	
 9.5505e+01	
 9.4550e+01	
 9.5362e+01	
 9.5432e+01	
 9.4889e+01	
 9.5432e+01	
 9.5105e+01	
 9.5198e+01	
 9.4750e+01	
 9.5053e+01	
 9.5749e+01	
 9.5532e+01	
 9.5768e+01	
 9.4605e+01	
 9.5383e+01	
 9.4366e+01	
 9.5067e+01	
 9.5658e+01	
 9.5722e+01	
 9.5768e+01	
 9.5815e+01	
 9.5719e+01	
 9.5716e+01	
 9.5898e+01	
 9.5880e+01	
 9.5771e+01	
 9.4972e+01	
 9.5835e+01	
 9.5398e+01	
 9.5844e+01	
 9.5007e+01	
 9.5767e+01	
 9.5095e+01	
 9.5908e+01	
 9.5906e+01	
 9.5238e+01	
 9.5765e+01	
 9.5910e+01	
 9.5681e+01	
 9.6075e+01	
 9.5443e+01	
 9.6120e+01	
 9.5576e+01	
 9.6008e+01	
 9.5959e+01	
