% mean class accuracy (train set)	
 7.5524e+01	
 8.0799e+01	
 8.5712e+01	
 8.5935e+01	
 8.8476e+01	
 8.8925e+01	
 9.0028e+01	
 8.9611e+01	
 9.0114e+01	
 9.1008e+01	
 9.1045e+01	
 9.1196e+01	
 9.1979e+01	
 9.1733e+01	
 9.2300e+01	
 9.2063e+01	
 9.2217e+01	
 9.2824e+01	
 9.2661e+01	
 9.2999e+01	
 9.3198e+01	
 9.3260e+01	
 9.3347e+01	
 9.3306e+01	
 9.3552e+01	
 9.3769e+01	
 9.4157e+01	
 9.4112e+01	
 9.4180e+01	
 9.4297e+01	
 9.4490e+01	
 9.4434e+01	
 9.4490e+01	
 9.4493e+01	
 9.4597e+01	
 9.4749e+01	
 9.4893e+01	
 9.4990e+01	
 9.4970e+01	
 9.4684e+01	
 9.5243e+01	
 9.5186e+01	
 9.5325e+01	
 9.5367e+01	
 9.5283e+01	
 9.5500e+01	
 9.5322e+01	
 9.5579e+01	
 9.5702e+01	
 9.5643e+01	
 9.5696e+01	
 9.5810e+01	
 9.5849e+01	
 9.5835e+01	
 9.5736e+01	
 9.6019e+01	
 9.6076e+01	
 9.5960e+01	
 9.6086e+01	
 9.6157e+01	
 9.6195e+01	
 9.6253e+01	
 9.6392e+01	
 9.6319e+01	
 9.6403e+01	
 9.6363e+01	
 9.6535e+01	
 9.6455e+01	
 9.6501e+01	
 9.6587e+01	
 9.6600e+01	
 9.6664e+01	
 9.6682e+01	
 9.6622e+01	
 9.6682e+01	
 9.6751e+01	
 9.6740e+01	
 9.6774e+01	
 9.6847e+01	
 9.6858e+01	
 9.6824e+01	
 9.6970e+01	
 9.6981e+01	
 9.6985e+01	
 9.6983e+01	
 9.7067e+01	
 9.7022e+01	
 9.7081e+01	
 9.7048e+01	
 9.7176e+01	
 9.7161e+01	
 9.7142e+01	
 9.7134e+01	
 9.7146e+01	
 9.7210e+01	
 9.7280e+01	
 9.7255e+01	
 9.7286e+01	
 9.7306e+01	
 9.7353e+01	
