% mean class accuracy (train set)	
 7.8967e+01	
 8.3395e+01	
 8.7787e+01	
 8.8467e+01	
 8.9800e+01	
 9.0238e+01	
 9.0810e+01	
 9.1179e+01	
 9.1420e+01	
 9.1749e+01	
 9.1944e+01	
 9.2255e+01	
 9.2477e+01	
 9.2558e+01	
 9.2797e+01	
 9.2887e+01	
 9.3057e+01	
 9.3168e+01	
 9.3245e+01	
 9.3507e+01	
 9.3553e+01	
 9.3753e+01	
 9.3845e+01	
 9.4007e+01	
 9.4017e+01	
 9.4103e+01	
 9.4232e+01	
 9.4325e+01	
 9.4410e+01	
 9.4462e+01	
 9.4545e+01	
 9.4630e+01	
 9.4658e+01	
 9.4818e+01	
 9.4887e+01	
 9.4989e+01	
 9.5007e+01	
 9.5019e+01	
 9.5162e+01	
 9.5163e+01	
 9.5257e+01	
 9.5330e+01	
 9.5367e+01	
 9.5392e+01	
 9.5446e+01	
 9.5510e+01	
 9.5523e+01	
 9.5563e+01	
 9.5576e+01	
 9.5709e+01	
 9.5726e+01	
 9.5774e+01	
 9.5814e+01	
 9.5848e+01	
 9.5902e+01	
 9.5980e+01	
 9.5951e+01	
 9.6078e+01	
 9.6056e+01	
 9.6090e+01	
 9.6135e+01	
 9.6134e+01	
 9.6213e+01	
 9.6274e+01	
 9.6244e+01	
 9.6296e+01	
 9.6368e+01	
 9.6332e+01	
 9.6349e+01	
 9.6420e+01	
 9.6410e+01	
 9.6456e+01	
 9.6472e+01	
 9.6473e+01	
 9.6569e+01	
 9.6543e+01	
 9.6599e+01	
 9.6595e+01	
 9.6663e+01	
 9.6669e+01	
 9.6693e+01	
 9.6721e+01	
 9.6757e+01	
 9.6771e+01	
 9.6776e+01	
 9.6761e+01	
 9.6835e+01	
 9.6838e+01	
 9.6865e+01	
 9.6894e+01	
 9.6890e+01	
 9.6883e+01	
 9.6967e+01	
 9.6956e+01	
 9.6986e+01	
 9.7001e+01	
 9.6993e+01	
 9.7007e+01	
 9.7054e+01	
 9.7063e+01	
