% mean class accuracy (train set)	
 7.5093e+01	
 7.9398e+01	
 8.3289e+01	
 8.3730e+01	
 8.5124e+01	
 8.5369e+01	
 8.7509e+01	
 8.7065e+01	
 8.7866e+01	
 8.7673e+01	
 8.7526e+01	
 8.8855e+01	
 8.9208e+01	
 8.9118e+01	
 8.9177e+01	
 8.9481e+01	
 8.9239e+01	
 9.0129e+01	
 9.0242e+01	
 9.0104e+01	
 9.0356e+01	
 9.0162e+01	
 9.0591e+01	
 9.0451e+01	
 9.0854e+01	
 9.0528e+01	
 9.1098e+01	
 9.0961e+01	
 9.0669e+01	
 9.1067e+01	
 9.1078e+01	
 9.1499e+01	
 9.1509e+01	
 9.1540e+01	
 9.1701e+01	
 9.1785e+01	
 9.1369e+01	
 9.1667e+01	
 9.1821e+01	
 9.2079e+01	
 9.1647e+01	
 9.1908e+01	
 9.2055e+01	
 9.2125e+01	
 9.1991e+01	
 9.2137e+01	
 9.2143e+01	
 9.2288e+01	
 9.2300e+01	
 9.2450e+01	
 9.2642e+01	
 9.2461e+01	
 9.2543e+01	
 9.2822e+01	
 9.2625e+01	
 9.2786e+01	
 9.2792e+01	
 9.2719e+01	
 9.2722e+01	
 9.2634e+01	
 9.2881e+01	
 9.2959e+01	
 9.2969e+01	
 9.3078e+01	
 9.3029e+01	
 9.3047e+01	
 9.3098e+01	
 9.3162e+01	
 9.3107e+01	
 9.3244e+01	
 9.3309e+01	
 9.3283e+01	
 9.3310e+01	
 9.3205e+01	
 9.3305e+01	
 9.3329e+01	
 9.3410e+01	
 9.3359e+01	
 9.3501e+01	
 9.3558e+01	
 9.3405e+01	
 9.3430e+01	
 9.3619e+01	
 9.3454e+01	
 9.3531e+01	
 9.3600e+01	
 9.3736e+01	
 9.3620e+01	
 9.3581e+01	
 9.3732e+01	
 9.3761e+01	
 9.3672e+01	
 9.3889e+01	
 9.3899e+01	
 9.3941e+01	
 9.3800e+01	
 9.3940e+01	
 9.3891e+01	
 9.3899e+01	
 9.3986e+01	
