% mean class accuracy (train set)	
 8.0525e+01	
 8.7988e+01	
 8.6802e+01	
 9.1273e+01	
 9.1288e+01	
 9.3828e+01	
 9.2019e+01	
 9.4557e+01	
 9.4440e+01	
 9.5043e+01	
 9.5076e+01	
 9.5642e+01	
 9.5717e+01	
 9.6185e+01	
 9.6330e+01	
 9.6279e+01	
 9.5551e+01	
 9.6580e+01	
 9.6435e+01	
 9.6232e+01	
 9.6579e+01	
 9.6388e+01	
 9.6719e+01	
 9.6787e+01	
 9.6672e+01	
 9.7064e+01	
 9.7011e+01	
 9.6527e+01	
 9.7213e+01	
 9.6930e+01	
 9.7105e+01	
 9.6894e+01	
 9.7290e+01	
 9.7006e+01	
 9.7241e+01	
 9.7361e+01	
 9.7393e+01	
 9.7032e+01	
 9.7296e+01	
 9.7148e+01	
 9.7327e+01	
 9.7487e+01	
 9.7506e+01	
 9.7422e+01	
 9.7581e+01	
 9.7658e+01	
 9.7526e+01	
 9.7469e+01	
 9.7589e+01	
 9.7685e+01	
 9.7669e+01	
 9.7809e+01	
 9.7637e+01	
 9.7791e+01	
 9.7768e+01	
 9.7703e+01	
 9.7801e+01	
 9.7764e+01	
 9.7670e+01	
 9.7688e+01	
 9.7782e+01	
 9.7891e+01	
 9.7705e+01	
 3.9712e+01	
 3.9891e+01	
 3.9958e+01	
 3.9800e+01	
 4.1799e+01	
 6.0062e+01	
 3.9933e+01	
 6.0043e+01	
 3.9806e+01	
 6.0119e+01	
 3.9956e+01	
 3.9837e+01	
 6.1111e+01	
 5.7789e+01	
 6.0012e+01	
 3.9879e+01	
 4.0159e+01	
 6.3329e+01	
 6.5428e+01	
 6.0056e+01	
 5.9979e+01	
 3.9825e+01	
 3.9876e+01	
 3.9990e+01	
 3.9836e+01	
 6.0173e+01	
 3.9908e+01	
 3.9958e+01	
 6.0128e+01	
 3.9849e+01	
 4.0031e+01	
 5.9986e+01	
 3.9789e+01	
 3.9861e+01	
 4.0010e+01	
 6.0105e+01	
 3.9853e+01	
