% mean class accuracy (train set)	
 5.9845e+01	
 7.2115e+01	
 8.9698e+01	
 9.1647e+01	
 9.2295e+01	
 9.2683e+01	
 9.2976e+01	
 9.3091e+01	
 9.3358e+01	
 9.3490e+01	
 9.3546e+01	
 9.3700e+01	
 9.3737e+01	
 9.3863e+01	
 9.4008e+01	
 9.4089e+01	
 9.4103e+01	
 9.4319e+01	
 9.4264e+01	
 9.4328e+01	
 9.4401e+01	
 9.4480e+01	
 9.4597e+01	
 9.4615e+01	
 9.4665e+01	
 9.4759e+01	
 9.4762e+01	
 9.4749e+01	
 9.4764e+01	
 9.4916e+01	
 9.4913e+01	
 9.5041e+01	
 9.4998e+01	
 9.5031e+01	
 9.5105e+01	
 9.5038e+01	
 9.5178e+01	
 9.5168e+01	
 9.5237e+01	
 9.5311e+01	
 9.5313e+01	
 9.5316e+01	
 9.5281e+01	
 9.5344e+01	
 9.5360e+01	
 9.5420e+01	
 9.5436e+01	
 9.5591e+01	
 9.5512e+01	
 9.5563e+01	
 9.5508e+01	
 9.5518e+01	
 9.5544e+01	
 9.5487e+01	
 9.5588e+01	
 9.5632e+01	
 9.5689e+01	
 9.5700e+01	
 9.5608e+01	
 9.5632e+01	
 9.5745e+01	
 9.5671e+01	
 9.5740e+01	
 9.5731e+01	
 9.5778e+01	
 9.5732e+01	
 9.5904e+01	
 9.5854e+01	
 9.5654e+01	
 9.5676e+01	
 9.5834e+01	
 9.5743e+01	
 9.5870e+01	
 9.5828e+01	
 9.5878e+01	
 9.5775e+01	
 9.6018e+01	
 9.5789e+01	
 9.5934e+01	
 9.5788e+01	
 9.5991e+01	
 9.6117e+01	
 9.5967e+01	
 9.5989e+01	
 9.5975e+01	
 9.5891e+01	
 9.6072e+01	
 9.5962e+01	
 9.6072e+01	
 9.5984e+01	
 9.6082e+01	
 9.5958e+01	
 9.5868e+01	
 9.5862e+01	
 9.5753e+01	
 9.6012e+01	
 9.5837e+01	
 9.5850e+01	
 9.5988e+01	
 9.6202e+01	
