% mean class accuracy (train set)	
 8.2519e+01	
 8.8568e+01	
 9.0179e+01	
 9.1156e+01	
 9.1698e+01	
 9.2182e+01	
 9.2506e+01	
 9.2834e+01	
 9.3122e+01	
 9.3344e+01	
 9.3584e+01	
 9.3763e+01	
 9.3943e+01	
 9.4070e+01	
 9.4227e+01	
 9.4360e+01	
 9.4439e+01	
 9.4560e+01	
 9.4673e+01	
 9.4754e+01	
 9.4834e+01	
 9.4917e+01	
 9.4989e+01	
 9.5063e+01	
 9.5106e+01	
 9.5170e+01	
 9.5235e+01	
 9.5267e+01	
 9.5324e+01	
 9.5384e+01	
 9.5416e+01	
 9.5455e+01	
 9.5476e+01	
 9.5532e+01	
 9.5566e+01	
 9.5606e+01	
 9.5630e+01	
 9.5651e+01	
 9.5690e+01	
 9.5732e+01	
 9.5749e+01	
 9.5773e+01	
 9.5791e+01	
 9.5841e+01	
 9.5852e+01	
 9.5878e+01	
 9.5901e+01	
 9.5911e+01	
 9.5931e+01	
 9.5952e+01	
 9.5980e+01	
 9.5998e+01	
 9.6010e+01	
 9.6042e+01	
 9.6056e+01	
 9.6077e+01	
 9.6089e+01	
 9.6114e+01	
 9.6118e+01	
 9.6137e+01	
 9.6163e+01	
 9.6143e+01	
 9.6165e+01	
 9.6192e+01	
 9.6201e+01	
 9.6203e+01	
 9.6209e+01	
 9.6247e+01	
 9.6241e+01	
 9.6259e+01	
 9.6281e+01	
 9.6278e+01	
 9.6292e+01	
 9.6322e+01	
 9.6301e+01	
 9.6339e+01	
 9.6334e+01	
 9.6350e+01	
 9.6344e+01	
 9.6357e+01	
 9.6381e+01	
 9.6383e+01	
 9.6382e+01	
 9.6410e+01	
 9.6422e+01	
 9.6426e+01	
 9.6427e+01	
 9.6432e+01	
 9.6435e+01	
 9.6451e+01	
 9.6457e+01	
 9.6468e+01	
 9.6479e+01	
 9.6498e+01	
 9.6491e+01	
 9.6508e+01	
 9.6508e+01	
 9.6523e+01	
 9.6532e+01	
 9.6534e+01	
