% mean class accuracy (train set)	
 7.3880e+01	
 8.2174e+01	
 8.1848e+01	
 8.7453e+01	
 8.7607e+01	
 8.9528e+01	
 8.8686e+01	
 8.8946e+01	
 8.9860e+01	
 9.1502e+01	
 9.0715e+01	
 9.2089e+01	
 9.2359e+01	
 9.1571e+01	
 9.2523e+01	
 9.2363e+01	
 9.2976e+01	
 9.3421e+01	
 9.3424e+01	
 9.3224e+01	
 9.3613e+01	
 9.3865e+01	
 9.3869e+01	
 9.3627e+01	
 9.4436e+01	
 9.4026e+01	
 9.4611e+01	
 9.4687e+01	
 9.4535e+01	
 9.4797e+01	
 9.4476e+01	
 9.5076e+01	
 9.5181e+01	
 9.5093e+01	
 9.5414e+01	
 9.5349e+01	
 9.5326e+01	
 9.5367e+01	
 9.5597e+01	
 9.5708e+01	
 9.5612e+01	
 9.5495e+01	
 9.5858e+01	
 9.5858e+01	
 9.6049e+01	
 9.6094e+01	
 9.6120e+01	
 9.6170e+01	
 9.6132e+01	
 9.6311e+01	
 9.6274e+01	
 9.6256e+01	
 9.6018e+01	
 9.6576e+01	
 9.6568e+01	
 9.6344e+01	
 9.6640e+01	
 9.6564e+01	
 9.6689e+01	
 9.6876e+01	
 9.6810e+01	
 9.6836e+01	
 9.6882e+01	
 9.6797e+01	
 9.7019e+01	
 9.6904e+01	
 9.7064e+01	
 9.7060e+01	
 9.7074e+01	
 9.7171e+01	
 9.7154e+01	
 9.7148e+01	
 9.7288e+01	
 9.7365e+01	
 9.7309e+01	
 9.7339e+01	
 9.7304e+01	
 9.7471e+01	
 9.7330e+01	
 9.7391e+01	
 9.7398e+01	
 9.7411e+01	
 9.7547e+01	
 9.7632e+01	
 9.7606e+01	
 9.7578e+01	
 9.7621e+01	
 9.7614e+01	
 9.7711e+01	
 9.7736e+01	
 9.7716e+01	
 9.7797e+01	
 9.7764e+01	
 9.7859e+01	
 9.7754e+01	
 9.7836e+01	
 9.7841e+01	
 9.7892e+01	
 9.7774e+01	
 9.7890e+01	
