% mean class accuracy (train set)	
 4.9905e+01	
 3.3280e+01	
 6.6865e+01	
 3.3315e+01	
 6.7076e+01	
 3.4288e+01	
 7.1155e+01	
 8.7307e+01	
 9.1652e+01	
 9.2172e+01	
 9.2402e+01	
 9.2556e+01	
 9.2772e+01	
 9.2869e+01	
 9.2905e+01	
 9.3087e+01	
 9.3065e+01	
 9.3035e+01	
 9.3011e+01	
 9.3197e+01	
 9.3258e+01	
 9.3302e+01	
 9.3339e+01	
 9.3490e+01	
 9.3487e+01	
 9.3468e+01	
 9.3565e+01	
 9.3611e+01	
 9.3662e+01	
 9.3675e+01	
 9.3782e+01	
 9.3884e+01	
 9.3777e+01	
 9.3961e+01	
 9.3885e+01	
 9.3858e+01	
 9.4093e+01	
 9.4174e+01	
 9.4290e+01	
 9.4266e+01	
 9.4201e+01	
 9.4362e+01	
 9.4350e+01	
 9.4432e+01	
 9.4442e+01	
 9.4476e+01	
 9.4539e+01	
 9.4542e+01	
 9.4620e+01	
 9.4578e+01	
 9.4638e+01	
 9.4684e+01	
 9.4767e+01	
 9.4720e+01	
 9.4835e+01	
 9.4764e+01	
 9.4797e+01	
 9.4811e+01	
 9.4855e+01	
 9.4855e+01	
 9.4846e+01	
 9.4941e+01	
 9.5076e+01	
 9.5044e+01	
 9.4998e+01	
 9.5058e+01	
 9.5129e+01	
 9.5144e+01	
 9.5231e+01	
 9.5148e+01	
 9.5240e+01	
 9.5338e+01	
 9.5388e+01	
 9.5425e+01	
 9.5387e+01	
 9.5328e+01	
 9.5403e+01	
 9.5508e+01	
 9.5548e+01	
 9.5495e+01	
 9.5475e+01	
 9.5561e+01	
 9.5607e+01	
 9.5587e+01	
 9.5530e+01	
 9.5566e+01	
 9.5558e+01	
 9.5735e+01	
 9.5648e+01	
 9.5621e+01	
 9.5671e+01	
 9.5704e+01	
 9.5598e+01	
 9.5735e+01	
 9.5656e+01	
 9.5686e+01	
 9.5747e+01	
 9.5696e+01	
 9.5761e+01	
 9.5761e+01	
