% mean class accuracy (train set)	
 6.3817e+01	
 6.6050e+01	
 6.6268e+01	
 6.7349e+01	
 6.9343e+01	
 7.0858e+01	
 7.6888e+01	
 7.6154e+01	
 7.8651e+01	
 7.7185e+01	
 8.0320e+01	
 8.1788e+01	
 7.9551e+01	
 8.1400e+01	
 8.2652e+01	
 8.1597e+01	
 8.3004e+01	
 8.3657e+01	
 8.3815e+01	
 8.2437e+01	
 8.2997e+01	
 8.3599e+01	
 8.4560e+01	
 8.4678e+01	
 8.4185e+01	
 8.4328e+01	
 8.5167e+01	
 8.5170e+01	
 8.4431e+01	
 8.5566e+01	
 8.4732e+01	
 8.6031e+01	
 8.6159e+01	
 8.6063e+01	
 8.5699e+01	
 8.5930e+01	
 8.6618e+01	
 8.6737e+01	
 8.6688e+01	
 8.6911e+01	
 8.6473e+01	
 8.6377e+01	
 8.7514e+01	
 8.7260e+01	
 8.7057e+01	
 8.7603e+01	
 8.7718e+01	
 8.7624e+01	
 8.7685e+01	
 8.7785e+01	
 8.8193e+01	
 8.8047e+01	
 8.7777e+01	
 8.8484e+01	
 8.8360e+01	
 8.8558e+01	
 8.8461e+01	
 8.8521e+01	
 8.8664e+01	
 8.8451e+01	
 8.8389e+01	
 8.8482e+01	
 8.8712e+01	
 8.8877e+01	
 8.8999e+01	
 8.8897e+01	
 8.8957e+01	
 8.9160e+01	
 8.9121e+01	
 8.9207e+01	
 8.9188e+01	
 8.9160e+01	
 8.9148e+01	
 8.9051e+01	
 8.9211e+01	
 8.9274e+01	
 8.9458e+01	
 8.9374e+01	
 8.9546e+01	
 8.9628e+01	
 8.9582e+01	
 8.9591e+01	
 8.9660e+01	
 8.9761e+01	
 8.9606e+01	
 8.9770e+01	
 8.9757e+01	
 8.9747e+01	
 8.9838e+01	
 8.9965e+01	
 8.9874e+01	
 8.9932e+01	
 9.0032e+01	
 9.0044e+01	
 9.0095e+01	
 9.0194e+01	
 9.0165e+01	
 9.0157e+01	
 9.0119e+01	
 9.0250e+01	
